Log file open, 12/06/22 00:03:05
LogWindows: Failed to load 'aqProf.dll' (GetLastError=126)
LogWindows: File 'aqProf.dll' does not exist
LogWindows: Failed to load 'VtuneApi.dll' (GetLastError=126)
LogWindows: File 'VtuneApi.dll' does not exist
LogWindows: Failed to load 'VtuneApi32e.dll' (GetLastError=126)
LogWindows: File 'VtuneApi32e.dll' does not exist
LogConsoleResponse: Display: Failed to find resolution value strings in scalability ini. Falling back to default.
LogConsoleResponse: Display: Failed to find resolution value strings in scalability ini. Falling back to default.
LogInit: Display: Running engine for game: ReisAdventure
LogPlatformFile: Not using cached read wrapper
LogTaskGraph: Started task graph with 5 named threads and 20 total threads with 3 sets of task threads.
LogStats: Stats thread started at 0.228096
LogICUInternationalization: ICU TimeZone Detection - Raw Offset: +1:00, Platform Override: ''
LogInit: Display: Loading text-based GConfig....
LogPluginManager: Mounting plugin MeshPainting
LogPluginManager: Mounting plugin XGEController
LogPluginManager: Mounting plugin Paper2D
LogPluginManager: Mounting plugin AISupport
LogPluginManager: Mounting plugin EnvironmentQueryEditor
LogPluginManager: Mounting plugin LiveLink
LogPluginManager: Mounting plugin LightPropagationVolume
LogPluginManager: Mounting plugin OodleData
LogPluginManager: Mounting plugin AnimationSharing
LogPluginManager: Mounting plugin OodleNetwork
LogPluginManager: Mounting plugin CLionSourceCodeAccess
LogPluginManager: Mounting plugin GitSourceControl
LogPluginManager: Mounting plugin CodeLiteSourceCodeAccess
LogPluginManager: Mounting plugin KDevelopSourceCodeAccess
LogPluginManager: Mounting plugin NullSourceCodeAccess
LogPluginManager: Mounting plugin PerforceSourceControl
LogPluginManager: Mounting plugin PixWinPlugin
LogPluginManager: Mounting plugin PlasticSourceControl
LogPluginManager: Mounting plugin PluginUtils
LogPluginManager: Mounting plugin PropertyAccessNode
LogPluginManager: Mounting plugin RiderSourceCodeAccess
LogPluginManager: Mounting plugin SubversionSourceControl
LogPluginManager: Mounting plugin TextureFormatOodle
LogPluginManager: Mounting plugin UObjectPlugin
LogPluginManager: Mounting plugin VisualStudioCodeSourceCodeAccess
LogPluginManager: Mounting plugin VisualStudioSourceCodeAccess
LogPluginManager: Mounting plugin XCodeSourceCodeAccess
LogPluginManager: Mounting plugin CameraShakePreviewer
LogPluginManager: Mounting plugin AssetManagerEditor
LogPluginManager: Mounting plugin GameplayCameras
LogPluginManager: Mounting plugin CryptoKeys
LogPluginManager: Mounting plugin CurveEditorTools
LogPluginManager: Mounting plugin DataValidation
LogPluginManager: Mounting plugin FacialAnimation
LogPluginManager: Mounting plugin GeometryMode
LogPluginManager: Mounting plugin GameplayTagsEditor
LogPluginManager: Mounting plugin MacGraphicsSwitching
LogPluginManager: Mounting plugin MaterialAnalyzer
LogPluginManager: Mounting plugin MobileLauncherProfileWizard
LogPluginManager: Mounting plugin SpeedTreeImporter
LogPluginManager: Mounting plugin PluginBrowser
LogPluginManager: Mounting plugin DatasmithContent
LogPluginManager: Mounting plugin AlembicImporter
LogPluginManager: Mounting plugin AutomationUtils
LogPluginManager: Mounting plugin BackChannel
LogPluginManager: Mounting plugin ChaosEditor
LogPluginManager: Mounting plugin ChaosCloth
LogPluginManager: Mounting plugin ChaosClothEditor
LogPluginManager: Mounting plugin LuminPlatformFeatures
LogPluginManager: Mounting plugin ChaosNiagara
LogPluginManager: Mounting plugin ChaosSolverPlugin
LogPluginManager: Mounting plugin CharacterAI
LogPluginManager: Mounting plugin MagicLeap
LogPluginManager: Mounting plugin MagicLeapMedia
LogPluginManager: Mounting plugin MagicLeapPassableWorld
LogPluginManager: Mounting plugin GeometryCache
LogPluginManager: Mounting plugin MagicLeapLightEstimation
LogPluginManager: Mounting plugin MLSDK
LogPluginManager: Mounting plugin GeometryCollectionPlugin
LogPluginManager: Mounting plugin GeometryProcessing
LogPluginManager: Mounting plugin Niagara
LogPluginManager: Mounting plugin OpenImageDenoise
LogPluginManager: Mounting plugin MotoSynth
LogPluginManager: Mounting plugin PlanarCut
LogPluginManager: Mounting plugin PlatformCrypto
LogPluginManager: Mounting plugin ProxyLODPlugin
LogPluginManager: Mounting plugin PythonScriptPlugin
LogPluginManager: Mounting plugin SkeletalReduction
LogPluginManager: Mounting plugin VariantManagerContent
LogPluginManager: Mounting plugin AndroidMedia
LogPluginManager: Mounting plugin AvfMedia
LogPluginManager: Mounting plugin ImgMedia
LogPluginManager: Mounting plugin MediaCompositing
LogPluginManager: Mounting plugin MediaPlayerEditor
LogPluginManager: Mounting plugin TcpMessaging
LogPluginManager: Mounting plugin WebMMedia
LogPluginManager: Mounting plugin UdpMessaging
LogPluginManager: Mounting plugin WmfMedia
LogPluginManager: Mounting plugin ActorSequence
LogPluginManager: Mounting plugin LevelSequenceEditor
LogPluginManager: Mounting plugin MatineeToLevelSequence
LogPluginManager: Mounting plugin TemplateSequence
LogPluginManager: Mounting plugin OnlineSubsystem
LogPluginManager: Mounting plugin OnlineSubsystemNull
LogPluginManager: Mounting plugin OnlineSubsystemUtils
LogPluginManager: Mounting plugin LauncherChunkInstaller
LogPluginManager: Mounting plugin ActorLayerUtilities
LogPluginManager: Mounting plugin AndroidDeviceProfileSelector
LogPluginManager: Mounting plugin AndroidMoviePlayer
LogPluginManager: Mounting plugin AndroidPermission
LogPluginManager: Mounting plugin AppleImageUtils
LogPluginManager: Mounting plugin AppleMoviePlayer
LogPluginManager: Mounting plugin ArchVisCharacter
LogPluginManager: Mounting plugin AssetTags
LogPluginManager: Mounting plugin AudioCapture
LogPluginManager: Mounting plugin AudioSynesthesia
LogPluginManager: Mounting plugin CableComponent
LogPluginManager: Mounting plugin ChunkDownloader
LogPluginManager: Mounting plugin CustomMeshComponent
LogPluginManager: Mounting plugin EditableMesh
LogPluginManager: Mounting plugin ExampleDeviceProfileSelector
LogPluginManager: Mounting plugin GoogleCloudMessaging
LogPluginManager: Mounting plugin GooglePAD
LogPluginManager: Mounting plugin IOSDeviceProfileSelector
LogPluginManager: Mounting plugin LinuxDeviceProfileSelector
LogPluginManager: Mounting plugin MobilePatchingUtils
LogPluginManager: Mounting plugin LocationServicesBPLibrary
LogPluginManager: Mounting plugin OpenXRHandTracking
LogPluginManager: Mounting plugin OpenXREyeTracker
LogPluginManager: Mounting plugin OpenXR
LogPluginManager: Mounting plugin PhysXVehicles
LogPluginManager: Mounting plugin PostSplashScreen
LogPluginManager: Mounting plugin ProceduralMeshComponent
LogPluginManager: Mounting plugin PropertyAccessEditor
LogPluginManager: Mounting plugin RuntimePhysXCooking
LogPluginManager: Mounting plugin SignificanceManager
LogPluginManager: Mounting plugin SoundFields
LogPluginManager: Mounting plugin Synthesis
LogPluginManager: Mounting plugin WebMMoviePlayer
LogPluginManager: Mounting plugin WindowsMoviePlayer
LogPluginManager: Mounting plugin ScreenshotTools
LogPluginManager: Mounting plugin Takes
LogPluginManager: Mounting plugin ContentBrowserAssetDataSource
LogPluginManager: Mounting plugin ContentBrowserClassDataSource
LogPluginManager: Mounting plugin ContentBrowserFileDataSource
LogPluginManager: Mounting plugin OnlineSubsystemGooglePlay
LogPluginManager: Mounting plugin OnlineSubsystemIOS
LogPluginManager: Mounting plugin OculusVR
LogPluginManager: Mounting plugin SteamVR
PixWinPlugin: PIX capture plugin failed to initialize! Check that the process is launched from PIX.
LogLuminAPIImpl: Warning: MLSDK not found.  This likely means the MLSDK environment variable is not set.
LogInit: Using libcurl 7.55.1-DEV
LogInit:  - built for x86_64-pc-win32
LogInit:  - supports SSL with OpenSSL/1.1.1
LogInit:  - supports HTTP deflate (compression) using libz 1.2.8
LogInit:  - other features:
LogInit:      CURL_VERSION_SSL
LogInit:      CURL_VERSION_LIBZ
LogInit:      CURL_VERSION_IPV6
LogInit:      CURL_VERSION_ASYNCHDNS
LogInit:      CURL_VERSION_LARGEFILE
LogInit:      CURL_VERSION_IDN
LogInit:  CurlRequestOptions (configurable via config and command line):
LogInit:  - bVerifyPeer = true  - Libcurl will verify peer certificate
LogInit:  - bUseHttpProxy = false  - Libcurl will NOT use HTTP proxy
LogInit:  - bDontReuseConnections = false  - Libcurl will reuse connections
LogInit:  - MaxHostConnections = 16  - Libcurl will limit the number of connections to a host
LogInit:  - LocalHostAddr = Default
LogInit:  - BufferSize = 65536
LogOnline: OSS: Creating online subsystem instance for: NULL
LogInit: WinSock: version 1.1 (2.2), MaxSocks=32767, MaxUdp=65467
LogOnline: OSS: TryLoadSubsystemAndSetDefault: Loaded subsystem for module [NULL]
LogOculusPluginWrapper: OculusPlugin initialized successfully
LogHMD: Failed initializing OVRPlugin 1.59.0
LogInit: Build: ++UE4+Release-4.27-CL-18319896
LogInit: Engine Version: 4.27.2-18319896+++UE4+Release-4.27
LogInit: Compatible Engine Version: 4.27.0-17155196+++UE4+Release-4.27
LogInit: Net CL: 17155196
LogInit: OS: Windows 10 (Release 2009) (), CPU: Intel(R) Core(TM) i5-8600K CPU @ 3.60GHz, GPU: NVIDIA GeForce GTX 1060 6GB
LogInit: Compiled (64-bit): Nov 30 2021 07:12:08
LogInit: Compiled with Visual C++: 19.24.28315.00
LogInit: Build Configuration: Development
LogInit: Branch Name: ++UE4+Release-4.27
LogInit: Command Line:  -EpicPortal -epicusername=TheDistructor170 -epicuserid=6579114d0ee34d3eae4437a8be2a7a79 -epiclocale=it -epicsandboxid=ue
LogInit: Base Directory: L:/Programmi/Epic Games/UE_4.27/Engine/Binaries/Win64/
LogInit: Allocator: TBB
LogInit: Installed Engine Build: 1
LogDevObjectVersion: Number of dev versions registered: 29
LogDevObjectVersion:   Dev-Blueprints (B0D832E4-1F89-4F0D-ACCF-7EB736FD4AA2): 10
LogDevObjectVersion:   Dev-Build (E1C64328-A22C-4D53-A36C-8E866417BD8C): 0
LogDevObjectVersion:   Dev-Core (375EC13C-06E4-48FB-B500-84F0262A717E): 4
LogDevObjectVersion:   Dev-Editor (E4B068ED-F494-42E9-A231-DA0B2E46BB41): 40
LogDevObjectVersion:   Dev-Framework (CFFC743F-43B0-4480-9391-14DF171D2073): 37
LogDevObjectVersion:   Dev-Mobile (B02B49B5-BB20-44E9-A304-32B752E40360): 3
LogDevObjectVersion:   Dev-Networking (A4E4105C-59A1-49B5-A7C5-40C4547EDFEE): 0
LogDevObjectVersion:   Dev-Online (39C831C9-5AE6-47DC-9A44-9C173E1C8E7C): 0
LogDevObjectVersion:   Dev-Physics (78F01B33-EBEA-4F98-B9B4-84EACCB95AA2): 14
LogDevObjectVersion:   Dev-Platform (6631380F-2D4D-43E0-8009-CF276956A95A): 0
LogDevObjectVersion:   Dev-Rendering (12F88B9F-8875-4AFC-A67C-D90C383ABD29): 45
LogDevObjectVersion:   Dev-Sequencer (7B5AE74C-D270-4C10-A958-57980B212A5A): 13
LogDevObjectVersion:   Dev-VR (D7296918-1DD6-4BDD-9DE2-64A83CC13884): 3
LogDevObjectVersion:   Dev-LoadTimes (C2A15278-BFE7-4AFE-6C17-90FF531DF755): 1
LogDevObjectVersion:   Private-Geometry (6EACA3D4-40EC-4CC1-B786-8BED09428FC5): 3
LogDevObjectVersion:   Dev-AnimPhys (29E575DD-E0A3-4627-9D10-D276232CDCEA): 17
LogDevObjectVersion:   Dev-Anim (AF43A65D-7FD3-4947-9873-3E8ED9C1BB05): 15
LogDevObjectVersion:   Dev-ReflectionCapture (6B266CEC-1EC7-4B8F-A30B-E4D90942FC07): 1
LogDevObjectVersion:   Dev-Automation (0DF73D61-A23F-47EA-B727-89E90C41499A): 1
LogDevObjectVersion:   FortniteMain (601D1886-AC64-4F84-AA16-D3DE0DEAC7D6): 47
LogDevObjectVersion:   FortniteRelease (E7086368-6B23-4C58-8439-1B7016265E91): 1
LogDevObjectVersion:   Dev-Enterprise (9DFFBCD6-494F-0158-E221-12823C92A888): 10
LogDevObjectVersion:   Dev-Niagara (F2AED0AC-9AFE-416F-8664-AA7FFA26D6FC): 1
LogDevObjectVersion:   Dev-Destruction (174F1F0B-B4C6-45A5-B13F-2EE8D0FB917D): 10
LogDevObjectVersion:   Dev-Physics-Ext (35F94A83-E258-406C-A318-09F59610247C): 41
LogDevObjectVersion:   Dev-PhysicsMaterial-Chaos (B68FC16E-8B1B-42E2-B453-215C058844FE): 1
LogDevObjectVersion:   Dev-CineCamera (B2E18506-4273-CFC2-A54E-F4BB758BBA07): 1
LogDevObjectVersion:   Dev-VirtualProduction (64F58936-FD1B-42BA-BA96-7289D5D0FA4E): 1
LogDevObjectVersion:   Dev-MediaFramework (6F0ED827-A609-4895-9C91-998D90180EA4): 2
LogInit: Presizing for max 25165824 objects, including 0 objects not considered by GC, pre-allocating 0 bytes for permanent pool.
LogConfig: Applying CVar settings from Section [/Script/Engine.StreamingSettings] File [L:/Unreal Projects/reisadventure/ReisAdventure/Saved/Config/Windows/Engine.ini]
LogConfig: Setting CVar [[s.MinBulkDataSizeForAsyncLoading:131072]]
LogConfig: Setting CVar [[s.AsyncLoadingThreadEnabled:0]]
LogConfig: Setting CVar [[s.EventDrivenLoaderEnabled:1]]
LogConfig: Setting CVar [[s.WarnIfTimeLimitExceeded:0]]
LogConfig: Setting CVar [[s.TimeLimitExceededMultiplier:1.5]]
LogConfig: Setting CVar [[s.TimeLimitExceededMinTime:0.005]]
LogConfig: Setting CVar [[s.UseBackgroundLevelStreaming:1]]
LogConfig: Setting CVar [[s.PriorityAsyncLoadingExtraTime:15.0]]
LogConfig: Setting CVar [[s.LevelStreamingActorsUpdateTimeLimit:5.0]]
LogConfig: Setting CVar [[s.PriorityLevelStreamingActorsUpdateExtraTime:5.0]]
LogConfig: Setting CVar [[s.LevelStreamingComponentsRegistrationGranularity:10]]
LogConfig: Setting CVar [[s.UnregisterComponentsTimeLimit:1.0]]
LogConfig: Setting CVar [[s.LevelStreamingComponentsUnregistrationGranularity:5]]
LogConfig: Setting CVar [[s.FlushStreamingOnExit:1]]
LogInit: Object subsystem initialized
LogConfig: Setting CVar [[con.DebugEarlyDefault:1]]
LogConfig: Setting CVar [[r.setres:1280x720]]
[2022.12.05-23.03.05:936][  0]LogConfig: Setting CVar [[r.VSync:0]]
[2022.12.05-23.03.05:936][  0]LogConfig: Setting CVar [[r.RHICmdBypass:0]]
[2022.12.05-23.03.05:936][  0]LogConfig: Applying CVar settings from Section [/Script/Engine.RendererSettings] File [L:/Unreal Projects/reisadventure/ReisAdventure/Saved/Config/Windows/Engine.ini]
[2022.12.05-23.03.05:937][  0]LogConfig: Setting CVar [[r.GPUCrashDebugging:0]]
[2022.12.05-23.03.05:937][  0]LogConfig: Applying CVar settings from Section [/Script/Engine.RendererOverrideSettings] File [L:/Unreal Projects/reisadventure/ReisAdventure/Saved/Config/Windows/Engine.ini]
[2022.12.05-23.03.05:937][  0]LogConfig: Applying CVar settings from Section [/Script/Engine.StreamingSettings] File [L:/Unreal Projects/reisadventure/ReisAdventure/Saved/Config/Windows/Engine.ini]
[2022.12.05-23.03.05:937][  0]LogConfig: Setting CVar [[s.MinBulkDataSizeForAsyncLoading:131072]]
[2022.12.05-23.03.05:937][  0]LogConfig: Setting CVar [[s.AsyncLoadingThreadEnabled:0]]
[2022.12.05-23.03.05:937][  0]LogConfig: Setting CVar [[s.EventDrivenLoaderEnabled:1]]
[2022.12.05-23.03.05:937][  0]LogConfig: Setting CVar [[s.WarnIfTimeLimitExceeded:0]]
[2022.12.05-23.03.05:937][  0]LogConfig: Setting CVar [[s.TimeLimitExceededMultiplier:1.5]]
[2022.12.05-23.03.05:937][  0]LogConfig: Setting CVar [[s.TimeLimitExceededMinTime:0.005]]
[2022.12.05-23.03.05:937][  0]LogConfig: Setting CVar [[s.UseBackgroundLevelStreaming:1]]
[2022.12.05-23.03.05:937][  0]LogConfig: Setting CVar [[s.PriorityAsyncLoadingExtraTime:15.0]]
[2022.12.05-23.03.05:937][  0]LogConfig: Setting CVar [[s.LevelStreamingActorsUpdateTimeLimit:5.0]]
[2022.12.05-23.03.05:937][  0]LogConfig: Setting CVar [[s.PriorityLevelStreamingActorsUpdateExtraTime:5.0]]
[2022.12.05-23.03.05:937][  0]LogConfig: Setting CVar [[s.LevelStreamingComponentsRegistrationGranularity:10]]
[2022.12.05-23.03.05:937][  0]LogConfig: Setting CVar [[s.UnregisterComponentsTimeLimit:1.0]]
[2022.12.05-23.03.05:937][  0]LogConfig: Setting CVar [[s.LevelStreamingComponentsUnregistrationGranularity:5]]
[2022.12.05-23.03.05:937][  0]LogConfig: Setting CVar [[s.FlushStreamingOnExit:1]]
[2022.12.05-23.03.05:937][  0]LogConfig: Applying CVar settings from Section [/Script/Engine.GarbageCollectionSettings] File [L:/Unreal Projects/reisadventure/ReisAdventure/Saved/Config/Windows/Engine.ini]
[2022.12.05-23.03.05:937][  0]LogConfig: Setting CVar [[gc.MaxObjectsNotConsideredByGC:1]]
[2022.12.05-23.03.05:937][  0]LogConfig: Setting CVar [[gc.SizeOfPermanentObjectPool:0]]
[2022.12.05-23.03.05:937][  0]LogConfig: Setting CVar [[gc.FlushStreamingOnGC:0]]
[2022.12.05-23.03.05:937][  0]LogConfig: Setting CVar [[gc.NumRetriesBeforeForcingGC:10]]
[2022.12.05-23.03.05:937][  0]LogConfig: Setting CVar [[gc.AllowParallelGC:1]]
[2022.12.05-23.03.05:937][  0]LogConfig: Setting CVar [[gc.TimeBetweenPurgingPendingKillObjects:61.1]]
[2022.12.05-23.03.05:937][  0]LogConfig: Setting CVar [[gc.MaxObjectsInEditor:25165824]]
[2022.12.05-23.03.05:937][  0]LogConfig: Setting CVar [[gc.IncrementalBeginDestroyEnabled:1]]
[2022.12.05-23.03.05:937][  0]LogConfig: Setting CVar [[gc.CreateGCClusters:1]]
[2022.12.05-23.03.05:937][  0]LogConfig: Setting CVar [[gc.MinGCClusterSize:5]]
[2022.12.05-23.03.05:937][  0]LogConfig: Setting CVar [[gc.ActorClusteringEnabled:0]]
[2022.12.05-23.03.05:937][  0]LogConfig: Setting CVar [[gc.BlueprintClusteringEnabled:0]]
[2022.12.05-23.03.05:937][  0]LogConfig: Setting CVar [[gc.UseDisregardForGCOnDedicatedServers:0]]
[2022.12.05-23.03.05:937][  0]LogConfig: Setting CVar [[gc.MultithreadedDestructionEnabled:1]]
[2022.12.05-23.03.05:937][  0]LogConfig: Applying CVar settings from Section [/Script/Engine.NetworkSettings] File [L:/Unreal Projects/reisadventure/ReisAdventure/Saved/Config/Windows/Engine.ini]
[2022.12.05-23.03.05:937][  0]LogConfig: Applying CVar settings from Section [/Script/UnrealEd.CookerSettings] File [L:/Unreal Projects/reisadventure/ReisAdventure/Saved/Config/Windows/Engine.ini]
[2022.12.05-23.03.05:941][  0]LogConfig: Applying CVar settings from Section [ViewDistanceQuality@3] File [L:/Unreal Projects/reisadventure/ReisAdventure/Saved/Config/Windows/Scalability.ini]
[2022.12.05-23.03.05:941][  0]LogConfig: Setting CVar [[r.SkeletalMeshLODBias:0]]
[2022.12.05-23.03.05:941][  0]LogConfig: Setting CVar [[r.ViewDistanceScale:1.0]]
[2022.12.05-23.03.05:941][  0]LogConfig: Applying CVar settings from Section [AntiAliasingQuality@3] File [L:/Unreal Projects/reisadventure/ReisAdventure/Saved/Config/Windows/Scalability.ini]
[2022.12.05-23.03.05:941][  0]LogConfig: Setting CVar [[r.PostProcessAAQuality:4]]
[2022.12.05-23.03.05:941][  0]LogConfig: Applying CVar settings from Section [ShadowQuality@3] File [L:/Unreal Projects/reisadventure/ReisAdventure/Saved/Config/Windows/Scalability.ini]
[2022.12.05-23.03.05:941][  0]LogConfig: Setting CVar [[r.LightFunctionQuality:1]]
[2022.12.05-23.03.05:941][  0]LogConfig: Setting CVar [[r.ShadowQuality:5]]
[2022.12.05-23.03.05:941][  0]LogConfig: Setting CVar [[r.Shadow.CSM.MaxCascades:10]]
[2022.12.05-23.03.05:941][  0]LogConfig: Setting CVar [[r.Shadow.MaxResolution:2048]]
[2022.12.05-23.03.05:941][  0]LogConfig: Setting CVar [[r.Shadow.MaxCSMResolution:2048]]
[2022.12.05-23.03.05:941][  0]LogConfig: Setting CVar [[r.Shadow.RadiusThreshold:0.01]]
[2022.12.05-23.03.05:941][  0]LogConfig: Setting CVar [[r.Shadow.DistanceScale:1.0]]
[2022.12.05-23.03.05:941][  0]LogConfig: Setting CVar [[r.Shadow.CSM.TransitionScale:1.0]]
[2022.12.05-23.03.05:941][  0]LogConfig: Setting CVar [[r.Shadow.PreShadowResolutionFactor:1.0]]
[2022.12.05-23.03.05:941][  0]LogConfig: Setting CVar [[r.DistanceFieldShadowing:1]]
[2022.12.05-23.03.05:941][  0]LogConfig: Setting CVar [[r.DistanceFieldAO:1]]
[2022.12.05-23.03.05:941][  0]LogConfig: Setting CVar [[r.AOQuality:2]]
[2022.12.05-23.03.05:941][  0]LogConfig: Setting CVar [[r.VolumetricFog:1]]
[2022.12.05-23.03.05:941][  0]LogConfig: Setting CVar [[r.VolumetricFog.GridPixelSize:8]]
[2022.12.05-23.03.05:941][  0]LogConfig: Setting CVar [[r.VolumetricFog.GridSizeZ:128]]
[2022.12.05-23.03.05:941][  0]LogConfig: Setting CVar [[r.VolumetricFog.HistoryMissSupersampleCount:4]]
[2022.12.05-23.03.05:941][  0]LogConfig: Setting CVar [[r.LightMaxDrawDistanceScale:1]]
[2022.12.05-23.03.05:941][  0]LogConfig: Setting CVar [[r.CapsuleShadows:1]]
[2022.12.05-23.03.05:941][  0]LogConfig: Applying CVar settings from Section [PostProcessQuality@3] File [L:/Unreal Projects/reisadventure/ReisAdventure/Saved/Config/Windows/Scalability.ini]
[2022.12.05-23.03.05:941][  0]LogConfig: Setting CVar [[r.MotionBlurQuality:4]]
[2022.12.05-23.03.05:942][  0]LogConfig: Setting CVar [[r.AmbientOcclusionMipLevelFactor:0.4]]
[2022.12.05-23.03.05:942][  0]LogConfig: Setting CVar [[r.AmbientOcclusionMaxQuality:100]]
[2022.12.05-23.03.05:942][  0]LogConfig: Setting CVar [[r.AmbientOcclusionLevels:-1]]
[2022.12.05-23.03.05:942][  0]LogConfig: Setting CVar [[r.AmbientOcclusionRadiusScale:1.0]]
[2022.12.05-23.03.05:942][  0]LogConfig: Setting CVar [[r.DepthOfFieldQuality:2]]
[2022.12.05-23.03.05:942][  0]LogConfig: Setting CVar [[r.RenderTargetPoolMin:400]]
[2022.12.05-23.03.05:942][  0]LogConfig: Setting CVar [[r.LensFlareQuality:2]]
[2022.12.05-23.03.05:942][  0]LogConfig: Setting CVar [[r.SceneColorFringeQuality:1]]
[2022.12.05-23.03.05:942][  0]LogConfig: Setting CVar [[r.EyeAdaptationQuality:2]]
[2022.12.05-23.03.05:942][  0]LogConfig: Setting CVar [[r.BloomQuality:5]]
[2022.12.05-23.03.05:942][  0]LogConfig: Setting CVar [[r.FastBlurThreshold:100]]
[2022.12.05-23.03.05:942][  0]LogConfig: Setting CVar [[r.Upscale.Quality:3]]
[2022.12.05-23.03.05:942][  0]LogConfig: Setting CVar [[r.Tonemapper.GrainQuantization:1]]
[2022.12.05-23.03.05:942][  0]LogConfig: Setting CVar [[r.LightShaftQuality:1]]
[2022.12.05-23.03.05:942][  0]LogConfig: Setting CVar [[r.Filter.SizeScale:1]]
[2022.12.05-23.03.05:942][  0]LogConfig: Setting CVar [[r.Tonemapper.Quality:5]]
[2022.12.05-23.03.05:942][  0]LogConfig: Setting CVar [[r.DOF.Gather.AccumulatorQuality:1        ; higher gathering accumulator quality]]
[2022.12.05-23.03.05:942][  0]LogConfig: Setting CVar [[r.DOF.Gather.PostfilterMethod:1          ; Median3x3 postfilering method]]
[2022.12.05-23.03.05:942][  0]LogConfig: Setting CVar [[r.DOF.Gather.EnableBokehSettings:0       ; no bokeh simulation when gathering]]
[2022.12.05-23.03.05:942][  0]LogConfig: Setting CVar [[r.DOF.Gather.RingCount:4                 ; medium number of samples when gathering]]
[2022.12.05-23.03.05:942][  0]LogConfig: Setting CVar [[r.DOF.Scatter.ForegroundCompositing:1    ; additive foreground scattering]]
[2022.12.05-23.03.05:942][  0]LogConfig: Setting CVar [[r.DOF.Scatter.BackgroundCompositing:2    ; additive background scattering]]
[2022.12.05-23.03.05:942][  0]LogConfig: Setting CVar [[r.DOF.Scatter.EnableBokehSettings:1      ; bokeh simulation when scattering]]
[2022.12.05-23.03.05:942][  0]LogConfig: Setting CVar [[r.DOF.Scatter.MaxSpriteRatio:0.1         ; only a maximum of 10% of scattered bokeh]]
[2022.12.05-23.03.05:942][  0]LogConfig: Setting CVar [[r.DOF.Recombine.Quality:1                ; cheap slight out of focus]]
[2022.12.05-23.03.05:942][  0]LogConfig: Setting CVar [[r.DOF.Recombine.EnableBokehSettings:0    ; no bokeh simulation on slight out of focus]]
[2022.12.05-23.03.05:942][  0]LogConfig: Setting CVar [[r.DOF.TemporalAAQuality:1                ; more stable temporal accumulation]]
[2022.12.05-23.03.05:942][  0]LogConfig: Setting CVar [[r.DOF.Kernel.MaxForegroundRadius:0.025]]
[2022.12.05-23.03.05:942][  0]LogConfig: Setting CVar [[r.DOF.Kernel.MaxBackgroundRadius:0.025]]
[2022.12.05-23.03.05:942][  0]LogConfig: Applying CVar settings from Section [TextureQuality@3] File [L:/Unreal Projects/reisadventure/ReisAdventure/Saved/Config/Windows/Scalability.ini]
[2022.12.05-23.03.05:942][  0]LogConfig: Setting CVar [[r.Streaming.MipBias:0]]
[2022.12.05-23.03.05:942][  0]LogConfig: Setting CVar [[r.Streaming.AmortizeCPUToGPUCopy:0]]
[2022.12.05-23.03.05:942][  0]LogConfig: Setting CVar [[r.Streaming.MaxNumTexturesToStreamPerFrame:0]]
[2022.12.05-23.03.05:942][  0]LogConfig: Setting CVar [[r.Streaming.Boost:1]]
[2022.12.05-23.03.05:942][  0]LogConfig: Setting CVar [[r.MaxAnisotropy:8]]
[2022.12.05-23.03.05:942][  0]LogConfig: Setting CVar [[r.VT.MaxAnisotropy:8]]
[2022.12.05-23.03.05:942][  0]LogConfig: Setting CVar [[r.Streaming.LimitPoolSizeToVRAM:0]]
[2022.12.05-23.03.05:942][  0]LogConfig: Setting CVar [[r.Streaming.PoolSize:1000]]
[2022.12.05-23.03.05:942][  0]LogConfig: Setting CVar [[r.Streaming.MaxEffectiveScreenSize:0]]
[2022.12.05-23.03.05:942][  0]LogConfig: Applying CVar settings from Section [EffectsQuality@3] File [L:/Unreal Projects/reisadventure/ReisAdventure/Saved/Config/Windows/Scalability.ini]
[2022.12.05-23.03.05:942][  0]LogConfig: Setting CVar [[r.TranslucencyLightingVolumeDim:64]]
[2022.12.05-23.03.05:942][  0]LogConfig: Setting CVar [[r.RefractionQuality:2]]
[2022.12.05-23.03.05:942][  0]LogConfig: Setting CVar [[r.SSR.Quality:3]]
[2022.12.05-23.03.05:942][  0]LogConfig: Setting CVar [[r.SSR.HalfResSceneColor:0]]
[2022.12.05-23.03.05:942][  0]LogConfig: Setting CVar [[r.SceneColorFormat:4]]
[2022.12.05-23.03.05:942][  0]LogConfig: Setting CVar [[r.DetailMode:2]]
[2022.12.05-23.03.05:942][  0]LogConfig: Setting CVar [[r.TranslucencyVolumeBlur:1]]
[2022.12.05-23.03.05:942][  0]LogConfig: Setting CVar [[r.MaterialQualityLevel:1 ; High quality]]
[2022.12.05-23.03.05:942][  0]LogConfig: Setting CVar [[r.AnisotropicMaterials:1]]
[2022.12.05-23.03.05:942][  0]LogConfig: Setting CVar [[r.SSS.Scale:1]]
[2022.12.05-23.03.05:942][  0]LogConfig: Setting CVar [[r.SSS.SampleSet:2]]
[2022.12.05-23.03.05:942][  0]LogConfig: Setting CVar [[r.SSS.Quality:1]]
[2022.12.05-23.03.05:942][  0]LogConfig: Setting CVar [[r.SSS.HalfRes:0]]
[2022.12.05-23.03.05:942][  0]LogConfig: Setting CVar [[r.SSGI.Quality:3]]
[2022.12.05-23.03.05:942][  0]LogConfig: Setting CVar [[r.EmitterSpawnRateScale:1.0]]
[2022.12.05-23.03.05:942][  0]LogConfig: Setting CVar [[r.ParticleLightQuality:2]]
[2022.12.05-23.03.05:942][  0]LogConfig: Setting CVar [[r.SkyAtmosphere.AerialPerspectiveLUT.FastApplyOnOpaque:1 ; Always have FastSkyLUT 1 in this case to avoid wrong sky]]
[2022.12.05-23.03.05:942][  0]LogConfig: Setting CVar [[r.SkyAtmosphere.AerialPerspectiveLUT.SampleCountMaxPerSlice:4]]
[2022.12.05-23.03.05:942][  0]LogConfig: Setting CVar [[r.SkyAtmosphere.AerialPerspectiveLUT.DepthResolution:16.0]]
[2022.12.05-23.03.05:942][  0]LogConfig: Setting CVar [[r.SkyAtmosphere.FastSkyLUT:1]]
[2022.12.05-23.03.05:942][  0]LogConfig: Setting CVar [[r.SkyAtmosphere.FastSkyLUT.SampleCountMin:4.0]]
[2022.12.05-23.03.05:942][  0]LogConfig: Setting CVar [[r.SkyAtmosphere.FastSkyLUT.SampleCountMax:128.0]]
[2022.12.05-23.03.05:942][  0]LogConfig: Setting CVar [[r.SkyAtmosphere.SampleCountMin:4.0]]
[2022.12.05-23.03.05:942][  0]LogConfig: Setting CVar [[r.SkyAtmosphere.SampleCountMax:128.0]]
[2022.12.05-23.03.05:942][  0]LogConfig: Setting CVar [[r.SkyAtmosphere.TransmittanceLUT.UseSmallFormat:0]]
[2022.12.05-23.03.05:942][  0]LogConfig: Setting CVar [[r.SkyAtmosphere.TransmittanceLUT.SampleCount:10.0]]
[2022.12.05-23.03.05:942][  0]LogConfig: Setting CVar [[r.SkyAtmosphere.MultiScatteringLUT.SampleCount:15.0]]
[2022.12.05-23.03.05:942][  0]LogConfig: Setting CVar [[r.SkyLight.RealTimeReflectionCapture:1]]
[2022.12.05-23.03.05:942][  0]LogConfig: Applying CVar settings from Section [FoliageQuality@3] File [L:/Unreal Projects/reisadventure/ReisAdventure/Saved/Config/Windows/Scalability.ini]
[2022.12.05-23.03.05:942][  0]LogConfig: Setting CVar [[foliage.DensityScale:1.0]]
[2022.12.05-23.03.05:942][  0]LogConfig: Setting CVar [[grass.DensityScale:1.0]]
[2022.12.05-23.03.05:942][  0]LogConfig: Applying CVar settings from Section [ShadingQuality@3] File [L:/Unreal Projects/reisadventure/ReisAdventure/Saved/Config/Windows/Scalability.ini]
[2022.12.05-23.03.05:942][  0]LogConfig: Setting CVar [[r.HairStrands.SkyLighting.IntegrationType:2]]
[2022.12.05-23.03.05:942][  0]LogConfig: Setting CVar [[r.HairStrands.SkyAO.SampleCount:4]]
[2022.12.05-23.03.05:942][  0]LogConfig: Setting CVar [[r.HairStrands.Visibility.MSAA.SamplePerPixel:4]]
[2022.12.05-23.03.05:942][  0]LogInit: Selected Device Profile: [Windows]
[2022.12.05-23.03.05:942][  0]LogInit: Applying CVar settings loaded from the selected device profile: [Windows]
[2022.12.05-23.03.05:942][  0]LogHAL: Display: Platform has ~ 16 GB [17122676736 / 17179869184 / 16], which maps to Larger [LargestMinGB=32, LargerMinGB=12, DefaultMinGB=8, SmallerMinGB=6, SmallestMinGB=0)
[2022.12.05-23.03.05:942][  0]LogInit: Going up to parent DeviceProfile []
[2022.12.05-23.03.05:942][  0]LogConfig: Applying CVar settings from Section [ViewDistanceQuality@3] File [L:/Unreal Projects/reisadventure/ReisAdventure/Saved/Config/Windows/Scalability.ini]
[2022.12.05-23.03.05:942][  0]LogConfig: Setting CVar [[r.SkeletalMeshLODBias:0]]
[2022.12.05-23.03.05:942][  0]LogConfig: Setting CVar [[r.ViewDistanceScale:1.0]]
[2022.12.05-23.03.05:942][  0]LogConfig: Applying CVar settings from Section [AntiAliasingQuality@3] File [L:/Unreal Projects/reisadventure/ReisAdventure/Saved/Config/Windows/Scalability.ini]
[2022.12.05-23.03.05:942][  0]LogConfig: Setting CVar [[r.PostProcessAAQuality:4]]
[2022.12.05-23.03.05:942][  0]LogConfig: Applying CVar settings from Section [ShadowQuality@3] File [L:/Unreal Projects/reisadventure/ReisAdventure/Saved/Config/Windows/Scalability.ini]
[2022.12.05-23.03.05:942][  0]LogConfig: Setting CVar [[r.LightFunctionQuality:1]]
[2022.12.05-23.03.05:942][  0]LogConfig: Setting CVar [[r.ShadowQuality:5]]
[2022.12.05-23.03.05:942][  0]LogConfig: Setting CVar [[r.Shadow.CSM.MaxCascades:10]]
[2022.12.05-23.03.05:942][  0]LogConfig: Setting CVar [[r.Shadow.MaxResolution:2048]]
[2022.12.05-23.03.05:942][  0]LogConfig: Setting CVar [[r.Shadow.MaxCSMResolution:2048]]
[2022.12.05-23.03.05:942][  0]LogConfig: Setting CVar [[r.Shadow.RadiusThreshold:0.01]]
[2022.12.05-23.03.05:942][  0]LogConfig: Setting CVar [[r.Shadow.DistanceScale:1.0]]
[2022.12.05-23.03.05:943][  0]LogConfig: Setting CVar [[r.Shadow.CSM.TransitionScale:1.0]]
[2022.12.05-23.03.05:943][  0]LogConfig: Setting CVar [[r.Shadow.PreShadowResolutionFactor:1.0]]
[2022.12.05-23.03.05:943][  0]LogConfig: Setting CVar [[r.DistanceFieldShadowing:1]]
[2022.12.05-23.03.05:943][  0]LogConfig: Setting CVar [[r.DistanceFieldAO:1]]
[2022.12.05-23.03.05:943][  0]LogConfig: Setting CVar [[r.AOQuality:2]]
[2022.12.05-23.03.05:943][  0]LogConfig: Setting CVar [[r.VolumetricFog:1]]
[2022.12.05-23.03.05:943][  0]LogConfig: Setting CVar [[r.VolumetricFog.GridPixelSize:8]]
[2022.12.05-23.03.05:943][  0]LogConfig: Setting CVar [[r.VolumetricFog.GridSizeZ:128]]
[2022.12.05-23.03.05:943][  0]LogConfig: Setting CVar [[r.VolumetricFog.HistoryMissSupersampleCount:4]]
[2022.12.05-23.03.05:943][  0]LogConfig: Setting CVar [[r.LightMaxDrawDistanceScale:1]]
[2022.12.05-23.03.05:943][  0]LogConfig: Setting CVar [[r.CapsuleShadows:1]]
[2022.12.05-23.03.05:943][  0]LogConfig: Applying CVar settings from Section [PostProcessQuality@3] File [L:/Unreal Projects/reisadventure/ReisAdventure/Saved/Config/Windows/Scalability.ini]
[2022.12.05-23.03.05:943][  0]LogConfig: Setting CVar [[r.MotionBlurQuality:4]]
[2022.12.05-23.03.05:943][  0]LogConfig: Setting CVar [[r.AmbientOcclusionMipLevelFactor:0.4]]
[2022.12.05-23.03.05:943][  0]LogConfig: Setting CVar [[r.AmbientOcclusionMaxQuality:100]]
[2022.12.05-23.03.05:943][  0]LogConfig: Setting CVar [[r.AmbientOcclusionLevels:-1]]
[2022.12.05-23.03.05:943][  0]LogConfig: Setting CVar [[r.AmbientOcclusionRadiusScale:1.0]]
[2022.12.05-23.03.05:943][  0]LogConfig: Setting CVar [[r.DepthOfFieldQuality:2]]
[2022.12.05-23.03.05:943][  0]LogConfig: Setting CVar [[r.RenderTargetPoolMin:400]]
[2022.12.05-23.03.05:943][  0]LogConfig: Setting CVar [[r.LensFlareQuality:2]]
[2022.12.05-23.03.05:943][  0]LogConfig: Setting CVar [[r.SceneColorFringeQuality:1]]
[2022.12.05-23.03.05:943][  0]LogConfig: Setting CVar [[r.EyeAdaptationQuality:2]]
[2022.12.05-23.03.05:943][  0]LogConfig: Setting CVar [[r.BloomQuality:5]]
[2022.12.05-23.03.05:943][  0]LogConfig: Setting CVar [[r.FastBlurThreshold:100]]
[2022.12.05-23.03.05:943][  0]LogConfig: Setting CVar [[r.Upscale.Quality:3]]
[2022.12.05-23.03.05:943][  0]LogConfig: Setting CVar [[r.Tonemapper.GrainQuantization:1]]
[2022.12.05-23.03.05:943][  0]LogConfig: Setting CVar [[r.LightShaftQuality:1]]
[2022.12.05-23.03.05:943][  0]LogConfig: Setting CVar [[r.Filter.SizeScale:1]]
[2022.12.05-23.03.05:943][  0]LogConfig: Setting CVar [[r.Tonemapper.Quality:5]]
[2022.12.05-23.03.05:943][  0]LogConfig: Setting CVar [[r.DOF.Gather.AccumulatorQuality:1        ; higher gathering accumulator quality]]
[2022.12.05-23.03.05:943][  0]LogConfig: Setting CVar [[r.DOF.Gather.PostfilterMethod:1          ; Median3x3 postfilering method]]
[2022.12.05-23.03.05:943][  0]LogConfig: Setting CVar [[r.DOF.Gather.EnableBokehSettings:0       ; no bokeh simulation when gathering]]
[2022.12.05-23.03.05:943][  0]LogConfig: Setting CVar [[r.DOF.Gather.RingCount:4                 ; medium number of samples when gathering]]
[2022.12.05-23.03.05:943][  0]LogConfig: Setting CVar [[r.DOF.Scatter.ForegroundCompositing:1    ; additive foreground scattering]]
[2022.12.05-23.03.05:943][  0]LogConfig: Setting CVar [[r.DOF.Scatter.BackgroundCompositing:2    ; additive background scattering]]
[2022.12.05-23.03.05:943][  0]LogConfig: Setting CVar [[r.DOF.Scatter.EnableBokehSettings:1      ; bokeh simulation when scattering]]
[2022.12.05-23.03.05:943][  0]LogConfig: Setting CVar [[r.DOF.Scatter.MaxSpriteRatio:0.1         ; only a maximum of 10% of scattered bokeh]]
[2022.12.05-23.03.05:943][  0]LogConfig: Setting CVar [[r.DOF.Recombine.Quality:1                ; cheap slight out of focus]]
[2022.12.05-23.03.05:943][  0]LogConfig: Setting CVar [[r.DOF.Recombine.EnableBokehSettings:0    ; no bokeh simulation on slight out of focus]]
[2022.12.05-23.03.05:943][  0]LogConfig: Setting CVar [[r.DOF.TemporalAAQuality:1                ; more stable temporal accumulation]]
[2022.12.05-23.03.05:943][  0]LogConfig: Setting CVar [[r.DOF.Kernel.MaxForegroundRadius:0.025]]
[2022.12.05-23.03.05:943][  0]LogConfig: Setting CVar [[r.DOF.Kernel.MaxBackgroundRadius:0.025]]
[2022.12.05-23.03.05:943][  0]LogConfig: Applying CVar settings from Section [TextureQuality@3] File [L:/Unreal Projects/reisadventure/ReisAdventure/Saved/Config/Windows/Scalability.ini]
[2022.12.05-23.03.05:943][  0]LogConfig: Setting CVar [[r.Streaming.MipBias:0]]
[2022.12.05-23.03.05:943][  0]LogConfig: Setting CVar [[r.Streaming.AmortizeCPUToGPUCopy:0]]
[2022.12.05-23.03.05:943][  0]LogConfig: Setting CVar [[r.Streaming.MaxNumTexturesToStreamPerFrame:0]]
[2022.12.05-23.03.05:943][  0]LogConfig: Setting CVar [[r.Streaming.Boost:1]]
[2022.12.05-23.03.05:943][  0]LogConfig: Setting CVar [[r.MaxAnisotropy:8]]
[2022.12.05-23.03.05:943][  0]LogConfig: Setting CVar [[r.VT.MaxAnisotropy:8]]
[2022.12.05-23.03.05:943][  0]LogConfig: Setting CVar [[r.Streaming.LimitPoolSizeToVRAM:0]]
[2022.12.05-23.03.05:943][  0]LogConfig: Setting CVar [[r.Streaming.PoolSize:1000]]
[2022.12.05-23.03.05:943][  0]LogConfig: Setting CVar [[r.Streaming.MaxEffectiveScreenSize:0]]
[2022.12.05-23.03.05:943][  0]LogConfig: Applying CVar settings from Section [EffectsQuality@3] File [L:/Unreal Projects/reisadventure/ReisAdventure/Saved/Config/Windows/Scalability.ini]
[2022.12.05-23.03.05:943][  0]LogConfig: Setting CVar [[r.TranslucencyLightingVolumeDim:64]]
[2022.12.05-23.03.05:943][  0]LogConfig: Setting CVar [[r.RefractionQuality:2]]
[2022.12.05-23.03.05:943][  0]LogConfig: Setting CVar [[r.SSR.Quality:3]]
[2022.12.05-23.03.05:943][  0]LogConfig: Setting CVar [[r.SSR.HalfResSceneColor:0]]
[2022.12.05-23.03.05:943][  0]LogConfig: Setting CVar [[r.SceneColorFormat:4]]
[2022.12.05-23.03.05:943][  0]LogConfig: Setting CVar [[r.DetailMode:2]]
[2022.12.05-23.03.05:943][  0]LogConfig: Setting CVar [[r.TranslucencyVolumeBlur:1]]
[2022.12.05-23.03.05:943][  0]LogConfig: Setting CVar [[r.MaterialQualityLevel:1 ; High quality]]
[2022.12.05-23.03.05:943][  0]LogConfig: Setting CVar [[r.AnisotropicMaterials:1]]
[2022.12.05-23.03.05:943][  0]LogConfig: Setting CVar [[r.SSS.Scale:1]]
[2022.12.05-23.03.05:943][  0]LogConfig: Setting CVar [[r.SSS.SampleSet:2]]
[2022.12.05-23.03.05:943][  0]LogConfig: Setting CVar [[r.SSS.Quality:1]]
[2022.12.05-23.03.05:943][  0]LogConfig: Setting CVar [[r.SSS.HalfRes:0]]
[2022.12.05-23.03.05:943][  0]LogConfig: Setting CVar [[r.SSGI.Quality:3]]
[2022.12.05-23.03.05:943][  0]LogConfig: Setting CVar [[r.EmitterSpawnRateScale:1.0]]
[2022.12.05-23.03.05:943][  0]LogConfig: Setting CVar [[r.ParticleLightQuality:2]]
[2022.12.05-23.03.05:943][  0]LogConfig: Setting CVar [[r.SkyAtmosphere.AerialPerspectiveLUT.FastApplyOnOpaque:1 ; Always have FastSkyLUT 1 in this case to avoid wrong sky]]
[2022.12.05-23.03.05:943][  0]LogConfig: Setting CVar [[r.SkyAtmosphere.AerialPerspectiveLUT.SampleCountMaxPerSlice:4]]
[2022.12.05-23.03.05:943][  0]LogConfig: Setting CVar [[r.SkyAtmosphere.AerialPerspectiveLUT.DepthResolution:16.0]]
[2022.12.05-23.03.05:943][  0]LogConfig: Setting CVar [[r.SkyAtmosphere.FastSkyLUT:1]]
[2022.12.05-23.03.05:943][  0]LogConfig: Setting CVar [[r.SkyAtmosphere.FastSkyLUT.SampleCountMin:4.0]]
[2022.12.05-23.03.05:943][  0]LogConfig: Setting CVar [[r.SkyAtmosphere.FastSkyLUT.SampleCountMax:128.0]]
[2022.12.05-23.03.05:943][  0]LogConfig: Setting CVar [[r.SkyAtmosphere.SampleCountMin:4.0]]
[2022.12.05-23.03.05:943][  0]LogConfig: Setting CVar [[r.SkyAtmosphere.SampleCountMax:128.0]]
[2022.12.05-23.03.05:943][  0]LogConfig: Setting CVar [[r.SkyAtmosphere.TransmittanceLUT.UseSmallFormat:0]]
[2022.12.05-23.03.05:943][  0]LogConfig: Setting CVar [[r.SkyAtmosphere.TransmittanceLUT.SampleCount:10.0]]
[2022.12.05-23.03.05:943][  0]LogConfig: Setting CVar [[r.SkyAtmosphere.MultiScatteringLUT.SampleCount:15.0]]
[2022.12.05-23.03.05:943][  0]LogConfig: Setting CVar [[r.SkyLight.RealTimeReflectionCapture:1]]
[2022.12.05-23.03.05:943][  0]LogConfig: Applying CVar settings from Section [FoliageQuality@3] File [L:/Unreal Projects/reisadventure/ReisAdventure/Saved/Config/Windows/Scalability.ini]
[2022.12.05-23.03.05:943][  0]LogConfig: Setting CVar [[foliage.DensityScale:1.0]]
[2022.12.05-23.03.05:943][  0]LogConfig: Setting CVar [[grass.DensityScale:1.0]]
[2022.12.05-23.03.05:943][  0]LogConfig: Applying CVar settings from Section [ShadingQuality@3] File [L:/Unreal Projects/reisadventure/ReisAdventure/Saved/Config/Windows/Scalability.ini]
[2022.12.05-23.03.05:943][  0]LogConfig: Setting CVar [[r.HairStrands.SkyLighting.IntegrationType:2]]
[2022.12.05-23.03.05:943][  0]LogConfig: Setting CVar [[r.HairStrands.SkyAO.SampleCount:4]]
[2022.12.05-23.03.05:943][  0]LogConfig: Setting CVar [[r.HairStrands.Visibility.MSAA.SamplePerPixel:4]]
[2022.12.05-23.03.05:943][  0]LogConfig: Applying CVar settings from Section [Startup] File [../../../Engine/Config/ConsoleVariables.ini]
[2022.12.05-23.03.05:944][  0]LogConfig: Setting CVar [[net.UseAdaptiveNetUpdateFrequency:0]]
[2022.12.05-23.03.05:944][  0]LogConfig: Setting CVar [[p.chaos.AllowCreatePhysxBodies:1]]
[2022.12.05-23.03.05:944][  0]LogConfig: Setting CVar [[fx.SkipVectorVMBackendOptimizations:1]]
[2022.12.05-23.03.05:944][  0]LogConfig: Applying CVar settings from Section [ConsoleVariables] File [L:/Unreal Projects/reisadventure/ReisAdventure/Saved/Config/Windows/Engine.ini]
[2022.12.05-23.03.05:944][  0]LogConfig: Applying CVar settings from Section [ConsoleVariables] File [L:/Unreal Projects/reisadventure/ReisAdventure/Saved/Config/Windows/Editor.ini]
[2022.12.05-23.03.05:944][  0]LogInit: Computer: DESKTOP-6PPD7EK
[2022.12.05-23.03.05:944][  0]LogInit: User: LorenzoVirano
[2022.12.05-23.03.05:944][  0]LogInit: CPU Page size=4096, Cores=6
[2022.12.05-23.03.05:944][  0]LogInit: High frequency timer resolution =10.000000 MHz
[2022.12.05-23.03.05:944][  0]LogMemory: Memory total: Physical=15.9GB (16GB approx)
[2022.12.05-23.03.05:944][  0]LogMemory: Platform Memory Stats for Windows
[2022.12.05-23.03.05:944][  0]LogMemory: Process Physical Memory: 139.41 MB used, 139.41 MB peak
[2022.12.05-23.03.05:944][  0]LogMemory: Process Virtual Memory: 121.20 MB used, 121.20 MB peak
[2022.12.05-23.03.05:944][  0]LogMemory: Physical Memory: 9355.14 MB used,  6974.32 MB free, 16329.46 MB total
[2022.12.05-23.03.05:944][  0]LogMemory: Virtual Memory: 134210872.00 MB used,  6858.57 MB free, 134217728.00 MB total
[2022.12.05-23.03.05:948][  0]LogWindows: WindowsPlatformFeatures enabled
[2022.12.05-23.03.05:986][  0]LogInit: Physics initialised using underlying interface: PhysX
[2022.12.05-23.03.05:987][  0]LogInit: Using OS detected language (it-IT).
[2022.12.05-23.03.05:987][  0]LogInit: Using OS detected locale (it-IT).
[2022.12.05-23.03.05:989][  0]LogTextLocalizationManager: No specific localization for 'it-IT' exists, so the 'it' localization will be used.
[2022.12.05-23.03.05:989][  0]LogTextLocalizationResource: LocRes '../../../Engine/Content/Localization/Editor/it/Editor.locres' could not be opened for reading!
[2022.12.05-23.03.05:990][  0]LogTextLocalizationResource: LocRes '../../../Engine/Content/Localization/EditorTutorials/it/EditorTutorials.locres' could not be opened for reading!
[2022.12.05-23.03.05:990][  0]LogTextLocalizationResource: LocRes '../../../Engine/Content/Localization/Keywords/it/Keywords.locres' could not be opened for reading!
[2022.12.05-23.03.05:990][  0]LogTextLocalizationResource: LocRes '../../../Engine/Content/Localization/Category/it/Category.locres' could not be opened for reading!
[2022.12.05-23.03.05:990][  0]LogTextLocalizationResource: LocRes '../../../Engine/Content/Localization/ToolTips/it/ToolTips.locres' could not be opened for reading!
[2022.12.05-23.03.05:990][  0]LogTextLocalizationResource: LocRes '../../../Engine/Content/Localization/PropertyNames/it/PropertyNames.locres' could not be opened for reading!
[2022.12.05-23.03.05:990][  0]LogTextLocalizationResource: LocRes '../../../Engine/Content/Localization/Engine/it/Engine.locres' could not be opened for reading!
[2022.12.05-23.03.05:991][  0]LogInit: Setting process to per monitor DPI aware
[2022.12.05-23.03.05:999][  0]LogWindowsTextInputMethodSystem: Display: IME system deactivated.
[2022.12.05-23.03.06:008][  0]LogSlate: New Slate User Created.  User Index 0, Is Virtual User: 0
[2022.12.05-23.03.06:008][  0]LogSlate: Slate User Registered.  User Index 0, Is Virtual User: 0
[2022.12.05-23.03.06:180][  0]LogD3D11RHI: Loaded GFSDK_Aftermath_Lib.x64.dll
[2022.12.05-23.03.06:184][  0]LogHMD: Failed to initialize OpenVR with code 110
[2022.12.05-23.03.06:184][  0]LogD3D11RHI: D3D11 min allowed feature level: 11_0
[2022.12.05-23.03.06:184][  0]LogD3D11RHI: D3D11 max allowed feature level: 11_0
[2022.12.05-23.03.06:184][  0]LogD3D11RHI: D3D11 adapters:
[2022.12.05-23.03.06:285][  0]LogD3D11RHI:    0. 'NVIDIA GeForce GTX 1060 6GB' (Feature Level 11_0)
[2022.12.05-23.03.06:285][  0]LogD3D11RHI:       6043/0/8164 MB DedicatedVideo/DedicatedSystem/SharedSystem, Outputs:1, VendorId:0x10de
[2022.12.05-23.03.06:287][  0]LogD3D11RHI:    1. 'Microsoft Basic Render Driver' (Feature Level 11_0)
[2022.12.05-23.03.06:287][  0]LogD3D11RHI:       0/0/8164 MB DedicatedVideo/DedicatedSystem/SharedSystem, Outputs:0, VendorId:0x1414
[2022.12.05-23.03.06:287][  0]LogD3D11RHI: Chosen D3D11 Adapter:
[2022.12.05-23.03.06:287][  0]LogD3D11RHI:     Description : NVIDIA GeForce GTX 1060 6GB
[2022.12.05-23.03.06:287][  0]LogD3D11RHI:     VendorId    : 10de
[2022.12.05-23.03.06:287][  0]LogD3D11RHI:     DeviceId    : 1c03
[2022.12.05-23.03.06:287][  0]LogD3D11RHI:     SubSysId    : 85ac1043
[2022.12.05-23.03.06:287][  0]LogD3D11RHI:     Revision    : 00a1
[2022.12.05-23.03.06:287][  0]LogD3D11RHI:     DedicatedVideoMemory : 6336544768 bytes
[2022.12.05-23.03.06:287][  0]LogD3D11RHI:     DedicatedSystemMemory : 0 bytes
[2022.12.05-23.03.06:287][  0]LogD3D11RHI:     SharedSystemMemory : 8561338368 bytes
[2022.12.05-23.03.06:287][  0]LogD3D11RHI:     AdapterLuid : 0 87490
[2022.12.05-23.03.06:294][  0]LogD3D11RHI: Creating new Direct3DDevice
[2022.12.05-23.03.06:294][  0]LogD3D11RHI:     GPU DeviceId: 0x1c03 (for the marketing name, search the web for "GPU Device Id")
[2022.12.05-23.03.06:294][  0]LogWindows: EnumDisplayDevices:
[2022.12.05-23.03.06:294][  0]LogWindows:    0. 'NVIDIA GeForce GTX 1060 6GB' (P:1 D:1)
[2022.12.05-23.03.06:294][  0]LogWindows:    1. 'NVIDIA GeForce GTX 1060 6GB' (P:0 D:0)
[2022.12.05-23.03.06:294][  0]LogWindows:    2. 'NVIDIA GeForce GTX 1060 6GB' (P:0 D:0)
[2022.12.05-23.03.06:295][  0]LogWindows:    3. 'NVIDIA GeForce GTX 1060 6GB' (P:0 D:0)
[2022.12.05-23.03.06:295][  0]LogWindows: DebugString: FoundDriverCount:4 
[2022.12.05-23.03.06:295][  0]LogD3D11RHI:     Adapter Name: NVIDIA GeForce GTX 1060 6GB
[2022.12.05-23.03.06:295][  0]LogD3D11RHI:   Driver Version: 526.98 (internal:31.0.15.2698, unified:526.98)
[2022.12.05-23.03.06:295][  0]LogD3D11RHI:      Driver Date: 11-13-2022
[2022.12.05-23.03.06:295][  0]LogRHI: Texture pool is 4230 MB (70% of 6043 MB)
[2022.12.05-23.03.06:295][  0]LogD3D11RHI: Creating D3DDevice using adapter:
[2022.12.05-23.03.06:295][  0]LogD3D11RHI:     Description : NVIDIA GeForce GTX 1060 6GB
[2022.12.05-23.03.06:295][  0]LogD3D11RHI:     VendorId    : 10de
[2022.12.05-23.03.06:295][  0]LogD3D11RHI:     DeviceId    : 1c03
[2022.12.05-23.03.06:295][  0]LogD3D11RHI:     SubSysId    : 85ac1043
[2022.12.05-23.03.06:295][  0]LogD3D11RHI:     Revision    : 00a1
[2022.12.05-23.03.06:295][  0]LogD3D11RHI:     DedicatedVideoMemory : 6336544768 bytes
[2022.12.05-23.03.06:295][  0]LogD3D11RHI:     DedicatedSystemMemory : 0 bytes
[2022.12.05-23.03.06:295][  0]LogD3D11RHI:     SharedSystemMemory : 8561338368 bytes
[2022.12.05-23.03.06:295][  0]LogD3D11RHI:     AdapterLuid : 0 87490
[2022.12.05-23.03.06:352][  0]LogD3D11RHI: RHI has support for 64 bit atomics
[2022.12.05-23.03.06:353][  0]LogD3D11RHI: Async texture creation enabled
[2022.12.05-23.03.06:353][  0]LogD3D11RHI: Array index from any shader is supported
[2022.12.05-23.03.06:385][  0]LogD3D11RHI: GPU Timing Frequency: 1000.000000 (Debug: 2 1)
[2022.12.05-23.03.06:422][  0]LogRHI: GeForceNow SDK initialized: 1
[2022.12.05-23.03.06:673][  0]LogTargetPlatformManager: Display: Loaded TargetPlatform 'AllDesktop'
[2022.12.05-23.03.06:692][  0]LogTargetPlatformManager: Display: Loaded TargetPlatform 'Android'
[2022.12.05-23.03.06:692][  0]LogTargetPlatformManager: Display: Loaded TargetPlatform 'Android_ASTC'
[2022.12.05-23.03.06:692][  0]LogTargetPlatformManager: Display: Loaded TargetPlatform 'Android_DXT'
[2022.12.05-23.03.06:692][  0]LogTargetPlatformManager: Display: Loaded TargetPlatform 'Android_ETC2'
[2022.12.05-23.03.06:692][  0]LogTargetPlatformManager: Display: Loaded TargetPlatform 'AndroidClient'
[2022.12.05-23.03.06:692][  0]LogTargetPlatformManager: Display: Loaded TargetPlatform 'Android_ASTCClient'
[2022.12.05-23.03.06:692][  0]LogTargetPlatformManager: Display: Loaded TargetPlatform 'Android_DXTClient'
[2022.12.05-23.03.06:692][  0]LogTargetPlatformManager: Display: Loaded TargetPlatform 'Android_ETC2Client'
[2022.12.05-23.03.06:692][  0]LogTargetPlatformManager: Display: Loaded TargetPlatform 'Android_Multi'
[2022.12.05-23.03.06:692][  0]LogTargetPlatformManager: Display: Loaded TargetPlatform 'Android_MultiClient'
[2022.12.05-23.03.06:707][  0]LogTargetPlatformManager: Display: Loaded TargetPlatform 'IOSClient'
[2022.12.05-23.03.06:707][  0]LogTargetPlatformManager: Display: Loaded TargetPlatform 'IOS'
[2022.12.05-23.03.06:714][  0]LogTargetPlatformManager: Display: Loaded TargetPlatform 'Linux'
[2022.12.05-23.03.06:718][  0]LogTargetPlatformManager: Display: Loaded TargetPlatform 'LinuxNoEditor'
[2022.12.05-23.03.06:722][  0]LogTargetPlatformManager: Display: Loaded TargetPlatform 'LinuxClient'
[2022.12.05-23.03.06:726][  0]LogTargetPlatformManager: Display: Loaded TargetPlatform 'LinuxServer'
[2022.12.05-23.03.06:733][  0]LogTargetPlatformManager: Display: Loaded TargetPlatform 'LinuxAArch64NoEditor'
[2022.12.05-23.03.06:737][  0]LogTargetPlatformManager: Display: Loaded TargetPlatform 'LinuxAArch64Client'
[2022.12.05-23.03.06:741][  0]LogTargetPlatformManager: Display: Loaded TargetPlatform 'LinuxAArch64Server'
[2022.12.05-23.03.06:760][  0]LogTargetPlatformManager: Display: Loaded TargetPlatform 'Lumin'
[2022.12.05-23.03.06:760][  0]LogTargetPlatformManager: Display: Loaded TargetPlatform 'LuminClient'
[2022.12.05-23.03.06:767][  0]LogTargetPlatformManager: Display: Loaded TargetPlatform 'MacNoEditor'
[2022.12.05-23.03.06:771][  0]LogTargetPlatformManager: Display: Loaded TargetPlatform 'Mac'
[2022.12.05-23.03.06:774][  0]LogTargetPlatformManager: Display: Loaded TargetPlatform 'MacClient'
[2022.12.05-23.03.06:778][  0]LogTargetPlatformManager: Display: Loaded TargetPlatform 'MacServer'
[2022.12.05-23.03.06:786][  0]LogTargetPlatformManager: Display: Loaded TargetPlatform 'TVOSClient'
[2022.12.05-23.03.06:786][  0]LogTargetPlatformManager: Display: Loaded TargetPlatform 'TVOS'
[2022.12.05-23.03.06:794][  0]LogTargetPlatformManager: Display: Loaded TargetPlatform 'WindowsNoEditor'
[2022.12.05-23.03.06:798][  0]LogTargetPlatformManager: Display: Loaded TargetPlatform 'Windows'
[2022.12.05-23.03.06:801][  0]LogTargetPlatformManager: Display: Loaded TargetPlatform 'WindowsClient'
[2022.12.05-23.03.06:806][  0]LogTargetPlatformManager: Display: Loaded TargetPlatform 'WindowsServer'
[2022.12.05-23.03.06:806][  0]LogTargetPlatformManager: Display: Building Assets For Windows
[2022.12.05-23.03.06:812][  0]LogAudioDebug: Display: Lib vorbis DLL was dynamically loaded.
[2022.12.05-23.03.06:837][  0]LogTextureFormatOodle: Display: Oodle Texture 2.9.0 init RDO Off
[2022.12.05-23.03.06:865][  0]LogRendererCore: Ray tracing is disabled. Reason: r.RayTracing=0.
[2022.12.05-23.03.06:865][  0]LogShaderCompilers: Guid format shader working directory is -7 characters bigger than the processId version (../../../../../../Unreal Projects/reisadventure/ReisAdventure/Intermediate/Shaders/WorkingDirectory/14284/).
[2022.12.05-23.03.06:866][  0]LogShaderCompilers: Cleaned the shader compiler working directory 'C:/Users/Lorenzo Virano/AppData/Local/Temp/UnrealShaderWorkingDir/AA9E95F94DA434AB438BE98102EB62E8/'.
[2022.12.05-23.03.06:866][  0]LogXGEController: Cannot use XGE Controller as Incredibuild is not installed on this machine.
[2022.12.05-23.03.06:866][  0]LogShaderCompilers: Cannot use XGE Shader Compiler as Incredibuild is not installed on this machine.
[2022.12.05-23.03.06:866][  0]LogShaderCompilers: Display: Using Local Shader Compiler.
[2022.12.05-23.03.07:507][  0]LogDerivedDataCache: Display: Max Cache Size: 512 MB
[2022.12.05-23.03.07:561][  0]LogDerivedDataCache: Loaded boot cache 0.05s 94MB C:/Users/Lorenzo Virano/AppData/Local/UnrealEngine/4.27/DerivedDataCache/Boot.ddc.
[2022.12.05-23.03.07:561][  0]LogDerivedDataCache: Display: Loaded Boot cache: C:/Users/Lorenzo Virano/AppData/Local/UnrealEngine/4.27/DerivedDataCache/Boot.ddc
[2022.12.05-23.03.07:561][  0]LogDerivedDataCache: FDerivedDataBackendGraph:  Pak pak cache file ../../../../../../Unreal Projects/reisadventure/ReisAdventure/DerivedDataCache/DDC.ddp not found, will not use a pak cache.
[2022.12.05-23.03.07:561][  0]LogDerivedDataCache: Unable to find inner node Pak for hierarchical cache Hierarchy.
[2022.12.05-23.03.07:561][  0]LogDerivedDataCache: FDerivedDataBackendGraph:  CompressedPak pak cache file ../../../../../../Unreal Projects/reisadventure/ReisAdventure/DerivedDataCache/Compressed.ddp not found, will not use a pak cache.
[2022.12.05-23.03.07:561][  0]LogDerivedDataCache: Unable to find inner node CompressedPak for hierarchical cache Hierarchy.
[2022.12.05-23.03.07:575][  0]LogDerivedDataCache: Display: Pak cache opened for reading ../../../Engine/DerivedDataCache/Compressed.ddp.
[2022.12.05-23.03.07:575][  0]LogDerivedDataCache: FDerivedDataBackendGraph:  EnterprisePak pak cache file ../../../Enterprise/DerivedDataCache/Compressed.ddp not found, will not use a pak cache.
[2022.12.05-23.03.07:575][  0]LogDerivedDataCache: Unable to find inner node EnterprisePak for hierarchical cache Hierarchy.
[2022.12.05-23.03.07:584][  0]LogDerivedDataCache: Speed tests for C:/Users/Lorenzo Virano/AppData/Local/UnrealEngine/Common/DerivedDataCache took 0.01 seconds
[2022.12.05-23.03.07:584][  0]LogDerivedDataCache: Display: Performance to C:/Users/Lorenzo Virano/AppData/Local/UnrealEngine/Common/DerivedDataCache: Latency=0.04ms. RandomReadSpeed=1282.33MBs, RandomWriteSpeed=124.29MBs. Assigned SpeedClass 'Local'
[2022.12.05-23.03.07:585][  0]LogDerivedDataCache: Using Local data cache path C:/Users/Lorenzo Virano/AppData/Local/UnrealEngine/Common/DerivedDataCache: Writable
[2022.12.05-23.03.07:585][  0]LogDerivedDataCache: Shared data cache path not found in *engine.ini, will not use an Shared cache.
[2022.12.05-23.03.07:585][  0]LogDerivedDataCache: Unable to find inner node Shared for hierarchical cache Hierarchy.
[2022.12.05-23.03.07:623][  0]LogSlate: Using FreeType 2.10.0
[2022.12.05-23.03.07:624][  0]LogSlate: SlateFontServices - WITH_FREETYPE: 1, WITH_HARFBUZZ: 1
[2022.12.05-23.03.07:645][  0]LogAssetRegistry: FAssetRegistry took 0.0020 seconds to start up
[2022.12.05-23.03.07:822][  0]LogInit: Selected Device Profile: [Windows]
[2022.12.05-23.03.07:822][  0]LogInit: Active device profile: [000002C81FCED400][000002C818C94140 49] Windows
[2022.12.05-23.03.07:823][  0]LogInit: Profiles: [000002C81FCED400][000002C818C94140 49] Windows, [000002C81FC9B300][000002C81F3B62C0 49] WindowsNoEditor, [000002C81FCECE00][000002C81F3BA440 49] WindowsServer, [000002C81FC98F00][000002C81F3BE5C0 49] WindowsClient, [000002C81FCEE700][000002C81F3C2740 49] IOS, [000002C81FC7FF00][000002C81F3B2880 49] iPadAir, [000002C81FC98300][000002C81F3C69C0 49] iPadAir2, [000002C81FC48800][000002C81F3D2C40 49] IPadPro, [000002C81FC48900][000002C81F3CAC80 49] iPadAir3, [000002C81FC7C100][000002C81F3D6E00 49] iPadAir4, [000002C81FC4AF00][000002C81F3DAF80 49] iPadMini2, [000002C81FC7E600][000002C81F3DF100 49] iPadMini3, [000002C81FC4B800][000002C81F3E3280 49] iPadMini4, [000002C81FC7CA00][000002C81F3E7400 49] iPadMini5, [000002C81FCEDD00][000002C8204016C0 49] iPhone6, [000002C81FCEDF00][000002C81F3EB700 49] iPodTouch6, [000002C81FC37E00][000002C8204099C0 49] iPhone7, [000002C81FC37F00][000002C820405A00 49] iPodTouch7, [000002C81FC4BD00][000002C82040DB80 49] iPhone5S, [000002C81FC35800][000002C820410180 49] iPhone6Plus, [000002C81FC48700][000002C820414300 49] iPhone6S, [000002C81FC37200][000002C820418480 49] iPhone6SPlus, [000002C81FCEFC00][000002C82041C600 49] iPhone7Plus, [000002C81FC34600][000002C820420780 49] iPhoneSE, [000002C81FCEE500][000002C820424900 49] iPhone8, [000002C81FC35D00][000002C81F3CEA40 49] iPhone8Plus, [000002C81FCEE900][000002C820428B80 49] iPhoneX, [000002C81FC36B00][000002C82042CCC0 49] iPhoneXS, [000002C81FCECC00][000002C820434E40 49] iPhoneXSMax, [000002C81FC34900][000002C820438FC0 49] iPhoneXR, [000002C81FCEF500][000002C82043D140 49] iPhone11, [000002C81FC37D00][000002C8204412C0 49] iPhone11Pro, [000002C81FCEF300][000002C820445440 49] iPhone11ProMax, [000002C81FC36000][000002C8204495C0 49] iPhoneSE2, [000002C81FCEED00][000002C82044D740 49] iPhone12Mini, [000002C81FC35300][000002C8204518C0 49] iPhone12, [000002C81FCEF600][000002C820455A40 49] iPhone12Pro, [000002C81FC37000][000002C820459BC0 49] iPhone12ProMax, [000002C81FCEF200][000002C82045C1C0 49] iPadPro105, [000002C81FC34700][000002C820460340 49] iPadPro129, [000002C81FCEF100][000002C8204644C0 49] iPadPro97, [000002C81FC37300][000002C820468640 49] iPadPro2_129, [000002C81FCEDB00][000002C82046C7C0 49] iPad5, [000002C81FC34200][000002C820470940 49] iPad6, [000002C81FCEC400][000002C820474AC0 49] iPad7, [000002C81FC36300][000002C820430C00 49] iPad8, [000002C81FCEDC00][000002C820478D40 49] iPadPro11, [000002C81FC36600][000002C82047CE80 49] iPadPro2_11, [000002C81FCEF700][000002C820480FC0 49] iPadPro3_129, [000002C81FC36400][000002C820489140 49] iPadPro4_129, [000002C81FCEC500][000002C82048D2C0 49] AppleTV, [000002C81FC36500][000002C820491440 49] AppleTV4K, [000002C81FCEC200][000002C8204955C0 49] TVOS, [000002C81FC36200][000002C820499740 49] Mac, [000002C81FCEE400][000002C82049D8C0 49] MacClient, [000002C81FC35000][000002C8204A1A40 49] MacNoEditor, [000002C81FCEEE00][000002C8204A5BC0 49] MacServer, [000002C81FC36100][000002C8204A81C0 49] Linux, [000002C81FCED300][000002C8204AC340 49] LinuxAArch64, [000002C81FC34D00][000002C8204B04C0 49] LinuxNoEditor, [000002C81FCEF400][000002C8204B4640 49] LinuxAArch64NoEditor, [000002C81FC36800][000002C8204B87C0 49] LinuxClient, [000002C81FCED600][000002C8204BC940 49] LinuxAArch64Client, [000002C81FC36900][000002C8204C0AC0 49] LinuxServer, [000002C81FCECF00][000002C8204C4C40 49] LinuxAArch64Server, [000002C81FC34B00][000002C820484D80 49] Android, [000002C81FCEC100][000002C8204C8EC0 49] Android_Low, [000002C81FC99700][000002C8204CD000 49] Android_Mid, [000002C81FC49E00][000002C8204D1140 49] Android_High, [000002C81FC9A100][000002C8204D92C0 49] Android_Default, [000002C81FC4BC00][000002C8204DD440 49] Android_Adreno4xx, [000002C81FC9BC00][000002C8204E15C0 49] Android_Adreno5xx_Low, [000002C81FC49A00][000002C8204E5740 49] Android_Adreno5xx, [000002C81FC99600][000002C8204E98C0 49] Android_Adreno6xx, [000002C81FC49900][000002C8204EDA40 49] Android_Adreno6xx_Vulkan, [000002C81FC9BB00][000002C8204F1BC0 49] Android_Mali_T6xx, [000002C81FC4B400][000002C8204F41C0 49] Android_Mali_T7xx, [000002C81FC9BA00][000002C81394A340 49] Android_Mali_T8xx, [000002C81FC4B900][000002C81394E4C0 49] Android_Mali_G71, [000002C81FC9A000][000002C813952640 49] Android_Mali_G72, [000002C81FC49400][000002C8139567C0 49] Android_Mali_G72_Vulkan, [000002C81FC9AE00][000002C81395A940 49] Android_Mali_G76, [000002C81FC48500][000002C81395EAC0 49] Android_Mali_G76_Vulkan, [000002C81FC99300][000002C813962C40 49] Android_Mali_G77, [000002C81FC4A100][000002C813966DC0 49] Android_Mali_G77_Vulkan, [000002C81FC9AA00][000002C81396AF40 49] Android_Mali_G78, [000002C81FC4AC00][000002C8204D5080 49] Android_Mali_G78_Vulkan, [000002C81FC99D00][000002C81396F1C0 49] Android_Mali_G710, [000002C81FC4A500][000002C813973300 49] Android_Mali_G710_Vulkan, [000002C81FC99200][000002C8079A5480 49] Android_Vulkan_SM5, [000002C81FC49700][000002C8079A9600 49] Android_PowerVR_G6xxx, [000002C81FC9A800][000002C8079AD780 49] Android_PowerVR_GT7xxx, [000002C81FC48C00][000002C8079B1900 49] Android_PowerVR_GE8xxx, [000002C81FC9A200][000002C8079B5A80 49] Android_PowerVR_GM9xxx, [000002C81FC4A600][000002C8079B9C00 49] Android_PowerVR_GM9xxx_Vulkan, [000002C81FC98100][000002C8079BC200 49] Android_TegraK1, [000002C81FC48D00][000002C8079C0380 49] Android_Unknown_Vulkan, [000002C81FC9B500][000002C8079C4500 49] Lumin, [000002C81FC4BA00][000002C8079C8680 49] Lumin_Desktop, [000002C81FCEE100][000002C8079CC800 49] HoloLens, 
[2022.12.05-23.03.08:191][  0]LogMeshReduction: Using QuadricMeshReduction for automatic static mesh reduction
[2022.12.05-23.03.08:191][  0]LogMeshReduction: Using SimplygonMeshReduction for automatic skeletal mesh reduction
[2022.12.05-23.03.08:191][  0]LogMeshReduction: Using ProxyLODMeshReduction for automatic mesh merging
[2022.12.05-23.03.08:191][  0]LogMeshReduction: No distributed automatic mesh merging module available
[2022.12.05-23.03.08:191][  0]LogMeshMerging: No distributed automatic mesh merging module available
[2022.12.05-23.03.08:206][  0]LogNetVersion: ReisAdventure 1.0.0, NetCL: 17155196, EngineNetVer: 17, GameNetVer: 0 (Checksum: 3136730015)
[2022.12.05-23.03.08:559][  0]LogTexture: Default maximum texture size for cubemaps generated from long-lat sources has been changed from 512 to unlimited. In order to preserve old behaiour for '/Engine/MapTemplates/Sky/DaylightAmbientCubemap.DaylightAmbientCubemap', its maximum texture size has been explicitly set to 512.
[2022.12.05-23.03.08:610][  0]LogHMD: PokeAHoleMaterial loaded successfully
[2022.12.05-23.03.08:615][  0]LogUObjectArray: 17178 objects as part of root set at end of initial load.
[2022.12.05-23.03.08:615][  0]LogUObjectAllocator: 4302048 out of 0 bytes used by permanent object pool.
[2022.12.05-23.03.08:615][  0]LogUObjectArray: CloseDisregardForGC: 0/0 objects in disregard for GC pool
[2022.12.05-23.03.09:273][  0]LogNiagaraDebuggerClient: Niagara Debugger Client Initialized | Session: CFEF08BD426AA638D8725EB6A378CD48 | Instance: 44261C4D4FBC6B1E65F4E68253080CFE (DESKTOP-6PPD7EK-14284).
[2022.12.05-23.03.09:341][  0]LogPython: Using Python 3.7.7
[2022.12.05-23.03.09:781][  0]LogTcpMessaging: Initializing TcpMessaging bridge
[2022.12.05-23.03.09:959][  0]LogUdpMessaging: Initializing bridge on interface 0.0.0.0:0 to multicast group 230.0.0.1:6666.
[2022.12.05-23.03.10:102][  0]SourceControl: Source control is disabled
[2022.12.05-23.03.10:102][  0]SourceControl: Source control is disabled
[2022.12.05-23.03.10:104][  0]SourceControl: Source control is disabled
[2022.12.05-23.03.10:107][  0]SourceControl: Source control is disabled
[2022.12.05-23.03.10:115][  0]SourceControl: Source control is disabled
[2022.12.05-23.03.10:121][  0]LogUProjectInfo: Found projects:
[2022.12.05-23.03.10:421][  0]LogOpenImageDenoise: OIDN starting up
[2022.12.05-23.03.10:456][  0]LogAndroidPermission: UAndroidPermissionCallbackProxy::GetInstance
[2022.12.05-23.03.10:475][  0]LogAudioCaptureCore: Display: No Audio Capture implementations found. Audio input will be silent.
[2022.12.05-23.03.10:475][  0]LogAudioCaptureCore: Display: No Audio Capture implementations found. Audio input will be silent.
[2022.12.05-23.03.10:583][  0]LogCollectionManager: Loaded 0 collections in 0.000643 seconds
[2022.12.05-23.03.10:605][  0]LogFileCache: Scanning file cache for directory 'L:/Unreal Projects/reisadventure/ReisAdventure/Saved/Collections/' took 0.00s
[2022.12.05-23.03.10:605][  0]LogFileCache: Scanning file cache for directory 'L:/Unreal Projects/reisadventure/ReisAdventure/Content/Developers/LorenzoVirano/Collections/' took 0.00s
[2022.12.05-23.03.10:605][  0]LogFileCache: Scanning file cache for directory 'L:/Unreal Projects/reisadventure/ReisAdventure/Content/Collections/' took 0.00s
[2022.12.05-23.03.10:605][  0]LogOcInput: OculusInput pre-init called
[2022.12.05-23.03.10:839][  0]LogEngine: Initializing Engine...
[2022.12.05-23.03.11:297][  0]LogHMD: Failed to enumerate extensions. Please check that you have a valid OpenXR runtime installed.
[2022.12.05-23.03.11:335][  0]LogHMD: Failed to initialize OpenVR with code 110
[2022.12.05-23.03.11:409][  0]LogMagicLeap: Warning: VR disabled because ZI is not enabled.  To enable, in the editor, Edit -> Project Settings -> Plugins -> Magic Leap Plugin -> Enable Zero Iteration
[2022.12.05-23.03.11:410][  0]LogStats: UGameplayTagsManager::InitializeManager -  0.000 s
[2022.12.05-23.03.11:520][  0]LogInit: Initializing FReadOnlyCVARCache
[2022.12.05-23.03.11:527][  0]LogAIModule: Creating AISystem for world Untitled
[2022.12.05-23.03.11:537][  0]LogAudio: Display: Initializing Audio Device Manager...
[2022.12.05-23.03.11:540][  0]LogAudio: Display: Loading Default Audio Settings Objects...
[2022.12.05-23.03.11:540][  0]LogAudio: Display: No default SoundConcurrencyObject specified (or failed to load).
[2022.12.05-23.03.11:541][  0]LogAudio: Display: Audio Device Manager Initialized
[2022.12.05-23.03.11:541][  0]LogAudio: Display: Creating Audio Device:                 Id: 1, Scope: Shared, Realtime: True
[2022.12.05-23.03.11:541][  0]LogAudioMixer: Display: Audio Mixer Platform Settings:
[2022.12.05-23.03.11:541][  0]LogAudioMixer: Display: 	Sample Rate:						  48000
[2022.12.05-23.03.11:541][  0]LogAudioMixer: Display: 	Callback Buffer Frame Size Requested: 1024
[2022.12.05-23.03.11:541][  0]LogAudioMixer: Display: 	Callback Buffer Frame Size To Use:	  1024
[2022.12.05-23.03.11:541][  0]LogAudioMixer: Display: 	Number of buffers to queue:			  2
[2022.12.05-23.03.11:541][  0]LogAudioMixer: Display: 	Max Channels (voices):				  32
[2022.12.05-23.03.11:541][  0]LogAudioMixer: Display: 	Number of Async Source Workers:		  0
[2022.12.05-23.03.11:541][  0]LogAudio: Display: AudioDevice MaxSources: 32
[2022.12.05-23.03.11:541][  0]LogAudio: Display: Audio Spatialization Plugin: None (built-in).
[2022.12.05-23.03.11:541][  0]LogAudio: Display: Audio Reverb Plugin: None (built-in).
[2022.12.05-23.03.11:541][  0]LogAudio: Display: Audio Occlusion Plugin: None (built-in).
[2022.12.05-23.03.11:541][  0]LogAudioMixer: Display: Initializing audio mixer.
[2022.12.05-23.03.11:585][  0]LogAudioMixer: Display: 0: FrontLeft
[2022.12.05-23.03.11:585][  0]LogAudioMixer: Display: 1: FrontRight
[2022.12.05-23.03.11:614][  0]LogAudioMixer: Display: Using Audio Device Cuffie (Xonar SoundCard)
[2022.12.05-23.03.11:615][  0]LogAudioMixer: Display: Initializing Sound Submixes...
[2022.12.05-23.03.11:618][  0]LogAudioMixer: Display: Creating Master Submix 'MasterSubmixDefault'
[2022.12.05-23.03.11:618][  0]LogAudioMixer: Display: Creating Master Submix 'MasterReverbSubmixDefault'
[2022.12.05-23.03.11:619][  0]LogAudioMixer: Display: Creating Master Submix 'MasterEQSubmixDefault'
[2022.12.05-23.03.11:619][  0]LogAudioMixer: FMixerPlatformXAudio2::StartAudioStream() called
[2022.12.05-23.03.11:619][  0]LogAudioMixer: Display: Output buffers initialized: Frames=1024, Channels=2, Samples=2048
[2022.12.05-23.03.11:620][  0]LogAudioMixer: Display: Starting AudioMixerPlatformInterface::RunInternal()
[2022.12.05-23.03.11:620][  0]LogAudioMixer: Display: FMixerPlatformXAudio2::SubmitBuffer() called for the first time
[2022.12.05-23.03.11:620][  0]LogInit: FAudioDevice initialized.
[2022.12.05-23.03.11:620][  0]LogAudio: Display: Audio Device (ID: 1) registered with world 'Untitled'.
[2022.12.05-23.03.11:620][  0]LogNetVersion: Set ProjectVersion to 1.0.0.0. Version Checksum will be recalculated on next use.
[2022.12.05-23.03.11:688][  0]LogDerivedDataCache: Saved boot cache 0.07s 94MB C:/Users/Lorenzo Virano/AppData/Local/UnrealEngine/4.27/DerivedDataCache/Boot.ddc.
[2022.12.05-23.03.11:688][  0]LogInit: Texture streaming: Enabled
[2022.12.05-23.03.11:698][  0]LogAnalytics: Display: [UEEditor.Rocket.Release] APIServer = https://datarouter.ol.epicgames.com/. AppVersion = 4.27.2-18319896+++UE4+Release-4.27
[2022.12.05-23.03.11:701][  0]LogEngineSessionManager: EngineSessionManager initialized
[2022.12.05-23.03.11:701][  0]LogEditorSessionSummary: Verbose: Initializing EditorSessionSummaryWriter for editor session tracking
[2022.12.05-23.03.11:702][  0]LogEditorSessionSummary: EditorSessionSummaryWriter initialized
[2022.12.05-23.03.11:716][  0]LogInit: Transaction tracking system initialized
[2022.12.05-23.03.11:733][  0]BlueprintLog: New page: Editor Load
[2022.12.05-23.03.12:012][  0]LocalizationService: Localization service is disabled
[2022.12.05-23.03.12:030][  0]TimingProfiler: Initialize
[2022.12.05-23.03.12:030][  0]TimingProfiler: OnSessionChanged
[2022.12.05-23.03.12:030][  0]LoadingProfiler: Initialize
[2022.12.05-23.03.12:030][  0]LoadingProfiler: OnSessionChanged
[2022.12.05-23.03.12:030][  0]NetworkingProfiler: Initialize
[2022.12.05-23.03.12:030][  0]NetworkingProfiler: OnSessionChanged
[2022.12.05-23.03.12:030][  0]MemoryProfiler: Initialize
[2022.12.05-23.03.12:030][  0]MemoryProfiler: OnSessionChanged
[2022.12.05-23.03.12:825][  0]LogCook: Display: CookSettings for Memory: MemoryMaxUsedVirtual 0MiB, MemoryMaxUsedPhysical 16384MiB, MemoryMinFreeVirtual 0MiB, MemoryMinFreePhysical 1024MiB
[2022.12.05-23.03.12:825][  0]LogCook: Display: Mobile HDR setting 1
[2022.12.05-23.03.12:975][  0]LogFileCache: Scanning file cache for directory 'L:/Unreal Projects/reisadventure/ReisAdventure/Content/' took 0.00s
[2022.12.05-23.03.13:140][  0]LogInit: Display: Engine is initialized. Leaving FEngineLoop::Init()
[2022.12.05-23.03.13:144][  0]SourceControl: Source control is disabled
[2022.12.05-23.03.13:144][  0]LogUnrealEdMisc: Loading editor; pre map load, took 8.559
[2022.12.05-23.03.13:144][  0]Cmd: MAP LOAD FILE="../../../Engine/Content/Maps/Templates/Template_Default.umap" TEMPLATE=1 SHOWPROGRESS=1 FEATURELEVEL=3
[2022.12.05-23.03.13:144][  0]LightingResults: New page: Lighting Build
[2022.12.05-23.03.13:145][  0]LogWorld: UWorld::CleanupWorld for Untitled, bSessionEnded=true, bCleanupResources=true
[2022.12.05-23.03.13:145][  0]LogSlate: InvalidateAllWidgets triggered.  All widgets were invalidated
[2022.12.05-23.03.13:146][  0]MapCheck: New page: Map Check
[2022.12.05-23.03.13:146][  0]LightingResults: New page: Lighting Build
[2022.12.05-23.03.13:682][  0]LogAudio: Display: Audio Device unregistered from world 'None'.
[2022.12.05-23.03.13:685][  0]LogUObjectHash: Compacting FUObjectHashTables data took   0.60ms
[2022.12.05-23.03.13:727][  0]LogTexture: Display: Building textures: DeprecatedTextureEB9CBE3C423008B5E8E130901E171C89 (BGRA8, 128X128)
[2022.12.05-23.03.13:735][  0]LogAudio: Display: Audio Device (ID: 1) registered with world 'Untitled_1'.
[2022.12.05-23.03.13:736][  0]LogAIModule: Creating AISystem for world Untitled_1
[2022.12.05-23.03.13:739][  0]LogEditorServer: Finished looking for orphan Actors (0.000 secs)
[2022.12.05-23.03.13:745][  0]LogUObjectHash: Compacting FUObjectHashTables data took   0.63ms
[2022.12.05-23.03.13:745][  0]Cmd: MAP CHECKDEP NOCLEARLOG
[2022.12.05-23.03.13:745][  0]MapCheck: Map check complete: 0 Error(s), 0 Warning(s), took 0,105ms to complete.
[2022.12.05-23.03.13:745][  0]LogFileHelpers: Loading map 'Template_Default' took 0.601
[2022.12.05-23.03.13:772][  0]LogUnrealEdMisc: Total Editor Startup Time, took 9.187
[2022.12.05-23.03.23:379][  0]LogSlate: Updating window title bar state: overlay mode, drag disabled, window buttons hidden, title bar hidden
[2022.12.05-23.03.23:917][  0]LogSlate: Updating window title bar state: overlay mode, drag disabled, window buttons hidden, title bar hidden
[2022.12.05-23.03.23:921][  0]LogSlate: Updating window title bar state: overlay mode, drag disabled, window buttons hidden, title bar hidden
[2022.12.05-23.03.23:926][  0]LogSlate: Updating window title bar state: overlay mode, drag disabled, window buttons hidden, title bar hidden
[2022.12.05-23.03.26:176][  0]LogNativeClassHierarchy: Verbose: Native class hierarchy populated in 0.0104 seconds. Added 3823 classes and 930 folders.
[2022.12.05-23.03.26:709][  0]LogNativeClassHierarchy: Verbose: Native class hierarchy updated for 'WidgetCarousel' in 0.0002 seconds. Added 0 classes and 0 folders.
[2022.12.05-23.03.26:710][  0]LogPakFile: PakFile PrimaryIndexSize=187
[2022.12.05-23.03.26:710][  0]LogPakFile: PakFile PathHashIndexSize=101
[2022.12.05-23.03.26:710][  0]LogPakFile: PakFile FullDirectoryIndexSize=148
[2022.12.05-23.03.26:710][  0]LogShaderLibrary: Display: ShaderCodeLibraryPakFileMountedCallback: PakFile 'L:/Programmi/Epic Games/UE_4.27/FeaturePacks/FP_FirstPerson.upack' (chunk index -1, root 'root:/') mounted
[2022.12.05-23.03.26:710][  0]LogShaderLibrary: Display: ShaderCodeLibraryPakFileMountedCallback: pending pak file info (ChunkID:-1 Root:root:/ File:L:/Programmi/Epic Games/UE_4.27/FeaturePacks/FP_FirstPerson.upack)
[2022.12.05-23.03.26:710][  0]LogPakFile: OnPakFileMounted2Time == 0.000049
[2022.12.05-23.03.26:711][  0]LogPakFile: PakFile PrimaryIndexSize=189
[2022.12.05-23.03.26:711][  0]LogPakFile: PakFile PathHashIndexSize=101
[2022.12.05-23.03.26:711][  0]LogPakFile: PakFile FullDirectoryIndexSize=152
[2022.12.05-23.03.26:711][  0]LogShaderLibrary: Display: ShaderCodeLibraryPakFileMountedCallback: PakFile 'L:/Programmi/Epic Games/UE_4.27/FeaturePacks/FP_FirstPersonBP.upack' (chunk index -1, root 'root:/') mounted
[2022.12.05-23.03.26:711][  0]LogShaderLibrary: Display: ShaderCodeLibraryPakFileMountedCallback: pending pak file info (ChunkID:-1 Root:root:/ File:L:/Programmi/Epic Games/UE_4.27/FeaturePacks/FP_FirstPersonBP.upack)
[2022.12.05-23.03.26:711][  0]LogPakFile: OnPakFileMounted2Time == 0.000033
[2022.12.05-23.03.26:712][  0]LogPakFile: PakFile PrimaryIndexSize=191
[2022.12.05-23.03.26:712][  0]LogPakFile: PakFile PathHashIndexSize=101
[2022.12.05-23.03.26:712][  0]LogPakFile: PakFile FullDirectoryIndexSize=160
[2022.12.05-23.03.26:712][  0]LogShaderLibrary: Display: ShaderCodeLibraryPakFileMountedCallback: PakFile 'L:/Programmi/Epic Games/UE_4.27/FeaturePacks/MobileStarterContent.upack' (chunk index -1, root 'root:/') mounted
[2022.12.05-23.03.26:712][  0]LogShaderLibrary: Display: ShaderCodeLibraryPakFileMountedCallback: pending pak file info (ChunkID:-1 Root:root:/ File:L:/Programmi/Epic Games/UE_4.27/FeaturePacks/MobileStarterContent.upack)
[2022.12.05-23.03.26:712][  0]LogPakFile: OnPakFileMounted2Time == 0.000032
[2022.12.05-23.03.26:712][  0]LogPakFile: PakFile PrimaryIndexSize=185
[2022.12.05-23.03.26:713][  0]LogPakFile: PakFile PathHashIndexSize=101
[2022.12.05-23.03.26:713][  0]LogPakFile: PakFile FullDirectoryIndexSize=148
[2022.12.05-23.03.26:713][  0]LogShaderLibrary: Display: ShaderCodeLibraryPakFileMountedCallback: PakFile 'L:/Programmi/Epic Games/UE_4.27/FeaturePacks/StarterContent.upack' (chunk index -1, root 'root:/') mounted
[2022.12.05-23.03.26:713][  0]LogShaderLibrary: Display: ShaderCodeLibraryPakFileMountedCallback: pending pak file info (ChunkID:-1 Root:root:/ File:L:/Programmi/Epic Games/UE_4.27/FeaturePacks/StarterContent.upack)
[2022.12.05-23.03.26:713][  0]LogPakFile: OnPakFileMounted2Time == 0.000034
[2022.12.05-23.03.26:713][  0]LogPakFile: PakFile PrimaryIndexSize=190
[2022.12.05-23.03.26:713][  0]LogPakFile: PakFile PathHashIndexSize=101
[2022.12.05-23.03.26:713][  0]LogPakFile: PakFile FullDirectoryIndexSize=154
[2022.12.05-23.03.26:713][  0]LogShaderLibrary: Display: ShaderCodeLibraryPakFileMountedCallback: PakFile 'L:/Programmi/Epic Games/UE_4.27/FeaturePacks/TP_2DSideScroller.upack' (chunk index -1, root 'root:/') mounted
[2022.12.05-23.03.26:713][  0]LogShaderLibrary: Display: ShaderCodeLibraryPakFileMountedCallback: pending pak file info (ChunkID:-1 Root:root:/ File:L:/Programmi/Epic Games/UE_4.27/FeaturePacks/TP_2DSideScroller.upack)
[2022.12.05-23.03.26:713][  0]LogPakFile: OnPakFileMounted2Time == 0.000031
[2022.12.05-23.03.26:714][  0]LogPakFile: PakFile PrimaryIndexSize=192
[2022.12.05-23.03.26:714][  0]LogPakFile: PakFile PathHashIndexSize=101
[2022.12.05-23.03.26:714][  0]LogPakFile: PakFile FullDirectoryIndexSize=158
[2022.12.05-23.03.26:714][  0]LogShaderLibrary: Display: ShaderCodeLibraryPakFileMountedCallback: PakFile 'L:/Programmi/Epic Games/UE_4.27/FeaturePacks/TP_2DSideScrollerBP.upack' (chunk index -1, root 'root:/') mounted
[2022.12.05-23.03.26:714][  0]LogShaderLibrary: Display: ShaderCodeLibraryPakFileMountedCallback: pending pak file info (ChunkID:-1 Root:root:/ File:L:/Programmi/Epic Games/UE_4.27/FeaturePacks/TP_2DSideScrollerBP.upack)
[2022.12.05-23.03.26:714][  0]LogPakFile: OnPakFileMounted2Time == 0.000031
[2022.12.05-23.03.26:715][  0]LogPakFile: PakFile PrimaryIndexSize=182
[2022.12.05-23.03.26:715][  0]LogPakFile: PakFile PathHashIndexSize=101
[2022.12.05-23.03.26:715][  0]LogPakFile: PakFile FullDirectoryIndexSize=138
[2022.12.05-23.03.26:715][  0]LogShaderLibrary: Display: ShaderCodeLibraryPakFileMountedCallback: PakFile 'L:/Programmi/Epic Games/UE_4.27/FeaturePacks/TP_Flying.upack' (chunk index -1, root 'root:/') mounted
[2022.12.05-23.03.26:715][  0]LogShaderLibrary: Display: ShaderCodeLibraryPakFileMountedCallback: pending pak file info (ChunkID:-1 Root:root:/ File:L:/Programmi/Epic Games/UE_4.27/FeaturePacks/TP_Flying.upack)
[2022.12.05-23.03.26:715][  0]LogPakFile: OnPakFileMounted2Time == 0.000031
[2022.12.05-23.03.26:716][  0]LogPakFile: PakFile PrimaryIndexSize=184
[2022.12.05-23.03.26:716][  0]LogPakFile: PakFile PathHashIndexSize=101
[2022.12.05-23.03.26:716][  0]LogPakFile: PakFile FullDirectoryIndexSize=142
[2022.12.05-23.03.26:716][  0]LogShaderLibrary: Display: ShaderCodeLibraryPakFileMountedCallback: PakFile 'L:/Programmi/Epic Games/UE_4.27/FeaturePacks/TP_FlyingBP.upack' (chunk index -1, root 'root:/') mounted
[2022.12.05-23.03.26:716][  0]LogShaderLibrary: Display: ShaderCodeLibraryPakFileMountedCallback: pending pak file info (ChunkID:-1 Root:root:/ File:L:/Programmi/Epic Games/UE_4.27/FeaturePacks/TP_FlyingBP.upack)
[2022.12.05-23.03.26:716][  0]LogPakFile: OnPakFileMounted2Time == 0.000031
[2022.12.05-23.03.26:716][  0]LogPakFile: PakFile PrimaryIndexSize=188
[2022.12.05-23.03.26:716][  0]LogPakFile: PakFile PathHashIndexSize=101
[2022.12.05-23.03.26:716][  0]LogPakFile: PakFile FullDirectoryIndexSize=150
[2022.12.05-23.03.26:716][  0]LogShaderLibrary: Display: ShaderCodeLibraryPakFileMountedCallback: PakFile 'L:/Programmi/Epic Games/UE_4.27/FeaturePacks/TP_HandheldARBP.upack' (chunk index -1, root 'root:/') mounted
[2022.12.05-23.03.26:716][  0]LogShaderLibrary: Display: ShaderCodeLibraryPakFileMountedCallback: pending pak file info (ChunkID:-1 Root:root:/ File:L:/Programmi/Epic Games/UE_4.27/FeaturePacks/TP_HandheldARBP.upack)
[2022.12.05-23.03.26:716][  0]LogPakFile: OnPakFileMounted2Time == 0.000028
[2022.12.05-23.03.26:717][  0]LogPakFile: PakFile PrimaryIndexSize=182
[2022.12.05-23.03.26:717][  0]LogPakFile: PakFile PathHashIndexSize=101
[2022.12.05-23.03.26:717][  0]LogPakFile: PakFile FullDirectoryIndexSize=138
[2022.12.05-23.03.26:717][  0]LogShaderLibrary: Display: ShaderCodeLibraryPakFileMountedCallback: PakFile 'L:/Programmi/Epic Games/UE_4.27/FeaturePacks/TP_Puzzle.upack' (chunk index -1, root 'root:/') mounted
[2022.12.05-23.03.26:717][  0]LogShaderLibrary: Display: ShaderCodeLibraryPakFileMountedCallback: pending pak file info (ChunkID:-1 Root:root:/ File:L:/Programmi/Epic Games/UE_4.27/FeaturePacks/TP_Puzzle.upack)
[2022.12.05-23.03.26:717][  0]LogPakFile: OnPakFileMounted2Time == 0.000030
[2022.12.05-23.03.26:718][  0]LogPakFile: PakFile PrimaryIndexSize=184
[2022.12.05-23.03.26:718][  0]LogPakFile: PakFile PathHashIndexSize=101
[2022.12.05-23.03.26:718][  0]LogPakFile: PakFile FullDirectoryIndexSize=142
[2022.12.05-23.03.26:718][  0]LogShaderLibrary: Display: ShaderCodeLibraryPakFileMountedCallback: PakFile 'L:/Programmi/Epic Games/UE_4.27/FeaturePacks/TP_PuzzleBP.upack' (chunk index -1, root 'root:/') mounted
[2022.12.05-23.03.26:718][  0]LogShaderLibrary: Display: ShaderCodeLibraryPakFileMountedCallback: pending pak file info (ChunkID:-1 Root:root:/ File:L:/Programmi/Epic Games/UE_4.27/FeaturePacks/TP_PuzzleBP.upack)
[2022.12.05-23.03.26:718][  0]LogPakFile: OnPakFileMounted2Time == 0.000040
[2022.12.05-23.03.26:719][  0]LogPakFile: PakFile PrimaryIndexSize=183
[2022.12.05-23.03.26:719][  0]LogPakFile: PakFile PathHashIndexSize=101
[2022.12.05-23.03.26:719][  0]LogPakFile: PakFile FullDirectoryIndexSize=140
[2022.12.05-23.03.26:719][  0]LogShaderLibrary: Display: ShaderCodeLibraryPakFileMountedCallback: PakFile 'L:/Programmi/Epic Games/UE_4.27/FeaturePacks/TP_Rolling.upack' (chunk index -1, root 'root:/') mounted
[2022.12.05-23.03.26:719][  0]LogShaderLibrary: Display: ShaderCodeLibraryPakFileMountedCallback: pending pak file info (ChunkID:-1 Root:root:/ File:L:/Programmi/Epic Games/UE_4.27/FeaturePacks/TP_Rolling.upack)
[2022.12.05-23.03.26:719][  0]LogPakFile: OnPakFileMounted2Time == 0.000035
[2022.12.05-23.03.26:719][  0]LogPakFile: PakFile PrimaryIndexSize=185
[2022.12.05-23.03.26:719][  0]LogPakFile: PakFile PathHashIndexSize=101
[2022.12.05-23.03.26:719][  0]LogPakFile: PakFile FullDirectoryIndexSize=144
[2022.12.05-23.03.26:719][  0]LogShaderLibrary: Display: ShaderCodeLibraryPakFileMountedCallback: PakFile 'L:/Programmi/Epic Games/UE_4.27/FeaturePacks/TP_RollingBP.upack' (chunk index -1, root 'root:/') mounted
[2022.12.05-23.03.26:719][  0]LogShaderLibrary: Display: ShaderCodeLibraryPakFileMountedCallback: pending pak file info (ChunkID:-1 Root:root:/ File:L:/Programmi/Epic Games/UE_4.27/FeaturePacks/TP_RollingBP.upack)
[2022.12.05-23.03.26:719][  0]LogPakFile: OnPakFileMounted2Time == 0.000030
[2022.12.05-23.03.26:720][  0]LogPakFile: PakFile PrimaryIndexSize=188
[2022.12.05-23.03.26:720][  0]LogPakFile: PakFile PathHashIndexSize=101
[2022.12.05-23.03.26:720][  0]LogPakFile: PakFile FullDirectoryIndexSize=150
[2022.12.05-23.03.26:720][  0]LogShaderLibrary: Display: ShaderCodeLibraryPakFileMountedCallback: PakFile 'L:/Programmi/Epic Games/UE_4.27/FeaturePacks/TP_SideScroller.upack' (chunk index -1, root 'root:/') mounted
[2022.12.05-23.03.26:720][  0]LogShaderLibrary: Display: ShaderCodeLibraryPakFileMountedCallback: pending pak file info (ChunkID:-1 Root:root:/ File:L:/Programmi/Epic Games/UE_4.27/FeaturePacks/TP_SideScroller.upack)
[2022.12.05-23.03.26:720][  0]LogPakFile: OnPakFileMounted2Time == 0.000030
[2022.12.05-23.03.26:721][  0]LogPakFile: PakFile PrimaryIndexSize=190
[2022.12.05-23.03.26:721][  0]LogPakFile: PakFile PathHashIndexSize=101
[2022.12.05-23.03.26:721][  0]LogPakFile: PakFile FullDirectoryIndexSize=154
[2022.12.05-23.03.26:721][  0]LogShaderLibrary: Display: ShaderCodeLibraryPakFileMountedCallback: PakFile 'L:/Programmi/Epic Games/UE_4.27/FeaturePacks/TP_SideScrollerBP.upack' (chunk index -1, root 'root:/') mounted
[2022.12.05-23.03.26:721][  0]LogShaderLibrary: Display: ShaderCodeLibraryPakFileMountedCallback: pending pak file info (ChunkID:-1 Root:root:/ File:L:/Programmi/Epic Games/UE_4.27/FeaturePacks/TP_SideScrollerBP.upack)
[2022.12.05-23.03.26:721][  0]LogPakFile: OnPakFileMounted2Time == 0.000040
[2022.12.05-23.03.26:722][  0]LogPakFile: PakFile PrimaryIndexSize=187
[2022.12.05-23.03.26:722][  0]LogPakFile: PakFile PathHashIndexSize=101
[2022.12.05-23.03.26:722][  0]LogPakFile: PakFile FullDirectoryIndexSize=148
[2022.12.05-23.03.26:722][  0]LogShaderLibrary: Display: ShaderCodeLibraryPakFileMountedCallback: PakFile 'L:/Programmi/Epic Games/UE_4.27/FeaturePacks/TP_ThirdPerson.upack' (chunk index -1, root 'root:/') mounted
[2022.12.05-23.03.26:722][  0]LogShaderLibrary: Display: ShaderCodeLibraryPakFileMountedCallback: pending pak file info (ChunkID:-1 Root:root:/ File:L:/Programmi/Epic Games/UE_4.27/FeaturePacks/TP_ThirdPerson.upack)
[2022.12.05-23.03.26:722][  0]LogPakFile: OnPakFileMounted2Time == 0.000039
[2022.12.05-23.03.26:723][  0]LogPakFile: PakFile PrimaryIndexSize=189
[2022.12.05-23.03.26:723][  0]LogPakFile: PakFile PathHashIndexSize=101
[2022.12.05-23.03.26:723][  0]LogPakFile: PakFile FullDirectoryIndexSize=152
[2022.12.05-23.03.26:723][  0]LogShaderLibrary: Display: ShaderCodeLibraryPakFileMountedCallback: PakFile 'L:/Programmi/Epic Games/UE_4.27/FeaturePacks/TP_ThirdPersonBP.upack' (chunk index -1, root 'root:/') mounted
[2022.12.05-23.03.26:723][  0]LogShaderLibrary: Display: ShaderCodeLibraryPakFileMountedCallback: pending pak file info (ChunkID:-1 Root:root:/ File:L:/Programmi/Epic Games/UE_4.27/FeaturePacks/TP_ThirdPersonBP.upack)
[2022.12.05-23.03.26:723][  0]LogPakFile: OnPakFileMounted2Time == 0.000032
[2022.12.05-23.03.26:723][  0]LogPakFile: PakFile PrimaryIndexSize=183
[2022.12.05-23.03.26:723][  0]LogPakFile: PakFile PathHashIndexSize=101
[2022.12.05-23.03.26:723][  0]LogPakFile: PakFile FullDirectoryIndexSize=140
[2022.12.05-23.03.26:723][  0]LogShaderLibrary: Display: ShaderCodeLibraryPakFileMountedCallback: PakFile 'L:/Programmi/Epic Games/UE_4.27/FeaturePacks/TP_TopDown.upack' (chunk index -1, root 'root:/') mounted
[2022.12.05-23.03.26:724][  0]LogShaderLibrary: Display: ShaderCodeLibraryPakFileMountedCallback: pending pak file info (ChunkID:-1 Root:root:/ File:L:/Programmi/Epic Games/UE_4.27/FeaturePacks/TP_TopDown.upack)
[2022.12.05-23.03.26:724][  0]LogPakFile: OnPakFileMounted2Time == 0.000044
[2022.12.05-23.03.26:724][  0]LogPakFile: PakFile PrimaryIndexSize=185
[2022.12.05-23.03.26:724][  0]LogPakFile: PakFile PathHashIndexSize=101
[2022.12.05-23.03.26:724][  0]LogPakFile: PakFile FullDirectoryIndexSize=144
[2022.12.05-23.03.26:724][  0]LogShaderLibrary: Display: ShaderCodeLibraryPakFileMountedCallback: PakFile 'L:/Programmi/Epic Games/UE_4.27/FeaturePacks/TP_TopDownBP.upack' (chunk index -1, root 'root:/') mounted
[2022.12.05-23.03.26:724][  0]LogShaderLibrary: Display: ShaderCodeLibraryPakFileMountedCallback: pending pak file info (ChunkID:-1 Root:root:/ File:L:/Programmi/Epic Games/UE_4.27/FeaturePacks/TP_TopDownBP.upack)
[2022.12.05-23.03.26:724][  0]LogPakFile: OnPakFileMounted2Time == 0.000035
[2022.12.05-23.03.26:725][  0]LogPakFile: PakFile PrimaryIndexSize=185
[2022.12.05-23.03.26:725][  0]LogPakFile: PakFile PathHashIndexSize=101
[2022.12.05-23.03.26:725][  0]LogPakFile: PakFile FullDirectoryIndexSize=144
[2022.12.05-23.03.26:725][  0]LogShaderLibrary: Display: ShaderCodeLibraryPakFileMountedCallback: PakFile 'L:/Programmi/Epic Games/UE_4.27/FeaturePacks/TP_TwinStick.upack' (chunk index -1, root 'root:/') mounted
[2022.12.05-23.03.26:725][  0]LogShaderLibrary: Display: ShaderCodeLibraryPakFileMountedCallback: pending pak file info (ChunkID:-1 Root:root:/ File:L:/Programmi/Epic Games/UE_4.27/FeaturePacks/TP_TwinStick.upack)
[2022.12.05-23.03.26:725][  0]LogPakFile: OnPakFileMounted2Time == 0.000028
[2022.12.05-23.03.26:726][  0]LogPakFile: PakFile PrimaryIndexSize=187
[2022.12.05-23.03.26:726][  0]LogPakFile: PakFile PathHashIndexSize=101
[2022.12.05-23.03.26:726][  0]LogPakFile: PakFile FullDirectoryIndexSize=148
[2022.12.05-23.03.26:726][  0]LogShaderLibrary: Display: ShaderCodeLibraryPakFileMountedCallback: PakFile 'L:/Programmi/Epic Games/UE_4.27/FeaturePacks/TP_TwinStickBP.upack' (chunk index -1, root 'root:/') mounted
[2022.12.05-23.03.26:726][  0]LogShaderLibrary: Display: ShaderCodeLibraryPakFileMountedCallback: pending pak file info (ChunkID:-1 Root:root:/ File:L:/Programmi/Epic Games/UE_4.27/FeaturePacks/TP_TwinStickBP.upack)
[2022.12.05-23.03.26:726][  0]LogPakFile: OnPakFileMounted2Time == 0.000029
[2022.12.05-23.03.26:727][  0]LogPakFile: PakFile PrimaryIndexSize=183
[2022.12.05-23.03.26:727][  0]LogPakFile: PakFile PathHashIndexSize=101
[2022.12.05-23.03.26:727][  0]LogPakFile: PakFile FullDirectoryIndexSize=140
[2022.12.05-23.03.26:727][  0]LogShaderLibrary: Display: ShaderCodeLibraryPakFileMountedCallback: PakFile 'L:/Programmi/Epic Games/UE_4.27/FeaturePacks/TP_Vehicle.upack' (chunk index -1, root 'root:/') mounted
[2022.12.05-23.03.26:727][  0]LogShaderLibrary: Display: ShaderCodeLibraryPakFileMountedCallback: pending pak file info (ChunkID:-1 Root:root:/ File:L:/Programmi/Epic Games/UE_4.27/FeaturePacks/TP_Vehicle.upack)
[2022.12.05-23.03.26:727][  0]LogPakFile: OnPakFileMounted2Time == 0.000031
[2022.12.05-23.03.26:727][  0]LogPakFile: PakFile PrimaryIndexSize=186
[2022.12.05-23.03.26:727][  0]LogPakFile: PakFile PathHashIndexSize=101
[2022.12.05-23.03.26:727][  0]LogPakFile: PakFile FullDirectoryIndexSize=146
[2022.12.05-23.03.26:727][  0]LogShaderLibrary: Display: ShaderCodeLibraryPakFileMountedCallback: PakFile 'L:/Programmi/Epic Games/UE_4.27/FeaturePacks/TP_VehicleAdv.upack' (chunk index -1, root 'root:/') mounted
[2022.12.05-23.03.26:727][  0]LogShaderLibrary: Display: ShaderCodeLibraryPakFileMountedCallback: pending pak file info (ChunkID:-1 Root:root:/ File:L:/Programmi/Epic Games/UE_4.27/FeaturePacks/TP_VehicleAdv.upack)
[2022.12.05-23.03.26:727][  0]LogPakFile: OnPakFileMounted2Time == 0.000032
[2022.12.05-23.03.26:728][  0]LogPakFile: PakFile PrimaryIndexSize=188
[2022.12.05-23.03.26:728][  0]LogPakFile: PakFile PathHashIndexSize=101
[2022.12.05-23.03.26:728][  0]LogPakFile: PakFile FullDirectoryIndexSize=150
[2022.12.05-23.03.26:728][  0]LogShaderLibrary: Display: ShaderCodeLibraryPakFileMountedCallback: PakFile 'L:/Programmi/Epic Games/UE_4.27/FeaturePacks/TP_VehicleAdvBP.upack' (chunk index -1, root 'root:/') mounted
[2022.12.05-23.03.26:728][  0]LogShaderLibrary: Display: ShaderCodeLibraryPakFileMountedCallback: pending pak file info (ChunkID:-1 Root:root:/ File:L:/Programmi/Epic Games/UE_4.27/FeaturePacks/TP_VehicleAdvBP.upack)
[2022.12.05-23.03.26:728][  0]LogPakFile: OnPakFileMounted2Time == 0.000028
[2022.12.05-23.03.26:729][  0]LogPakFile: PakFile PrimaryIndexSize=185
[2022.12.05-23.03.26:729][  0]LogPakFile: PakFile PathHashIndexSize=101
[2022.12.05-23.03.26:729][  0]LogPakFile: PakFile FullDirectoryIndexSize=144
[2022.12.05-23.03.26:729][  0]LogShaderLibrary: Display: ShaderCodeLibraryPakFileMountedCallback: PakFile 'L:/Programmi/Epic Games/UE_4.27/FeaturePacks/TP_VehicleBP.upack' (chunk index -1, root 'root:/') mounted
[2022.12.05-23.03.26:729][  0]LogShaderLibrary: Display: ShaderCodeLibraryPakFileMountedCallback: pending pak file info (ChunkID:-1 Root:root:/ File:L:/Programmi/Epic Games/UE_4.27/FeaturePacks/TP_VehicleBP.upack)
[2022.12.05-23.03.26:729][  0]LogPakFile: OnPakFileMounted2Time == 0.000033
[2022.12.05-23.03.26:730][  0]LogPakFile: PakFile PrimaryIndexSize=192
[2022.12.05-23.03.26:730][  0]LogPakFile: PakFile PathHashIndexSize=101
[2022.12.05-23.03.26:730][  0]LogPakFile: PakFile FullDirectoryIndexSize=158
[2022.12.05-23.03.26:730][  0]LogShaderLibrary: Display: ShaderCodeLibraryPakFileMountedCallback: PakFile 'L:/Programmi/Epic Games/UE_4.27/FeaturePacks/TP_VirtualRealityBP.upack' (chunk index -1, root 'root:/') mounted
[2022.12.05-23.03.26:730][  0]LogShaderLibrary: Display: ShaderCodeLibraryPakFileMountedCallback: pending pak file info (ChunkID:-1 Root:root:/ File:L:/Programmi/Epic Games/UE_4.27/FeaturePacks/TP_VirtualRealityBP.upack)
[2022.12.05-23.03.26:730][  0]LogPakFile: OnPakFileMounted2Time == 0.000028
[2022.12.05-23.03.26:786][  0]LogNativeClassHierarchy: Verbose: Native class hierarchy updated for 'AddContentDialog' in 0.0002 seconds. Added 0 classes and 0 folders.
[2022.12.05-23.03.27:078][  0]LogNativeClassHierarchy: Verbose: Native class hierarchy updated for 'SceneOutliner' in 0.0002 seconds. Added 2 classes and 0 folders.
[2022.12.05-23.03.38:408][  0]LogSlate: Only BGRA pngs, bmps or icos are supported in by External Image Picker
[2022.12.05-23.03.38:805][  0]LogSlate: Took 0.000228 seconds to synchronously load lazily loaded font '../../../Engine/Content/Slate/Fonts/Roboto-Regular.ttf' (155K)
[2022.12.05-23.03.39:024][  0]LogSlate: Took 0.155232 seconds to synchronously load lazily loaded font '../../../Engine/Content/Editor/Slate/Fonts/FontAwesome.ttf' (139K)
[2022.12.05-23.03.39:075][  0]LogSlate: Took 0.000221 seconds to synchronously load lazily loaded font '../../../Engine/Content/Slate/Fonts/Roboto-Bold.ttf' (160K)
[2022.12.05-23.03.40:511][  0]LogRenderer: Reallocating scene render targets to support 1172x572 Format 10 NumSamples 1 (Frame:1).
[2022.12.05-23.03.43:218][  0]LogNativeClassHierarchy: Verbose: Native class hierarchy updated for 'HierarchicalLODOutliner' in 0.0002 seconds. Added 0 classes and 0 folders.
[2022.12.05-23.03.43:219][  0]LogLoad: (Engine Initialization) Total time: 38.63 seconds
[2022.12.05-23.03.43:219][  0]LogLoad: (Engine Initialization) Total Blueprint compile time: 0.00 seconds
[2022.12.05-23.03.43:757][  0]LogContentStreaming: Texture pool size now 1000 MB
[2022.12.05-23.03.44:361][  1]LogAssetRegistry: Asset discovery search completed in 36.7166 seconds
[2022.12.05-23.03.44:400][  1]LogCollectionManager: Fixed up redirectors for 0 collections in 0.000004 seconds (updated 0 objects)
[2022.12.05-23.04.04:661][824]LogSlate: Window 'Plugins' being destroyed
[2022.12.05-23.04.04:664][824]LogSlate: Window 'Plugins' being destroyed
[2022.12.05-23.04.04:664][824]LogDirectoryWatcher: A directory notification for '../../../Engine/Plugins/' was aborted.
[2022.12.05-23.04.11:741][251]LogEditorViewport: Clicking on Actor (context menu): BP_Sky_Sphere_C (Sky Sphere)
[2022.12.05-23.04.17:277][251]LogEditorViewport: Clicking on Actor (LMB): StaticMeshActor (Floor)
